2025-04-09 14:15:29 [http-nio-8888-exec-7] DEBUG o.s.c.c.s.s.GitCredentialsProviderFactory - Constructing UsernamePasswordCredentialsProvider for URI file://home/sagar/codingworks/javaspring/microservice-demo/config-server-repository
2025-04-09 14:15:32 [http-nio-8888-exec-7] INFO  o.s.c.c.s.e.NativeEnvironmentRepository - Adding property source: Config resource 'file [/home/sagar/codingworks/javaspring/microservice-demo/config-server-repository/config-client.yml]' via location 'file:/home/sagar/codingworks/javaspring/microservice-demo/config-server-repository/'
2025-04-09 14:15:32 [http-nio-8888-exec-8] DEBUG o.s.c.c.s.s.GitCredentialsProviderFactory - Constructing UsernamePasswordCredentialsProvider for URI file://home/sagar/codingworks/javaspring/microservice-demo/config-server-repository
2025-04-09 14:15:35 [http-nio-8888-exec-8] INFO  o.s.c.c.s.e.NativeEnvironmentRepository - Adding property source: Config resource 'file [/home/sagar/codingworks/javaspring/microservice-demo/config-server-repository/config-client-twitter_to_kafka.yml]' via location 'file:/home/sagar/codingworks/javaspring/microservice-demo/config-server-repository/'
2025-04-09 14:15:35 [http-nio-8888-exec-8] INFO  o.s.c.c.s.e.NativeEnvironmentRepository - Adding property source: Config resource 'file [/home/sagar/codingworks/javaspring/microservice-demo/config-server-repository/config-client.yml]' via location 'file:/home/sagar/codingworks/javaspring/microservice-demo/config-server-repository/'
2025-04-09 14:15:48 [http-nio-8888-exec-9] DEBUG o.s.c.c.s.s.GitCredentialsProviderFactory - Constructing UsernamePasswordCredentialsProvider for URI file://home/sagar/codingworks/javaspring/microservice-demo/config-server-repository
2025-04-09 14:15:52 [http-nio-8888-exec-9] INFO  o.s.c.c.s.e.NativeEnvironmentRepository - Adding property source: Config resource 'file [/home/sagar/codingworks/javaspring/microservice-demo/config-server-repository/config-client.yml]' via location 'file:/home/sagar/codingworks/javaspring/microservice-demo/config-server-repository/'
2025-04-09 14:15:52 [http-nio-8888-exec-10] DEBUG o.s.c.c.s.s.GitCredentialsProviderFactory - Constructing UsernamePasswordCredentialsProvider for URI file://home/sagar/codingworks/javaspring/microservice-demo/config-server-repository
2025-04-09 14:15:54 [http-nio-8888-exec-10] INFO  o.s.c.c.s.e.NativeEnvironmentRepository - Adding property source: Config resource 'file [/home/sagar/codingworks/javaspring/microservice-demo/config-server-repository/config-client-kafka_to_elastic.yml]' via location 'file:/home/sagar/codingworks/javaspring/microservice-demo/config-server-repository/'
2025-04-09 14:15:54 [http-nio-8888-exec-10] INFO  o.s.c.c.s.e.NativeEnvironmentRepository - Adding property source: Config resource 'file [/home/sagar/codingworks/javaspring/microservice-demo/config-server-repository/config-client.yml]' via location 'file:/home/sagar/codingworks/javaspring/microservice-demo/config-server-repository/'
2025-04-09 14:26:15 [http-nio-8888-exec-3] DEBUG o.s.c.c.s.s.GitCredentialsProviderFactory - Constructing UsernamePasswordCredentialsProvider for URI file://home/sagar/codingworks/javaspring/microservice-demo/config-server-repository
2025-04-09 14:26:19 [http-nio-8888-exec-3] INFO  o.s.c.c.s.e.NativeEnvironmentRepository - Adding property source: Config resource 'file [/home/sagar/codingworks/javaspring/microservice-demo/config-server-repository/config-client.yml]' via location 'file:/home/sagar/codingworks/javaspring/microservice-demo/config-server-repository/'
2025-04-09 14:26:19 [http-nio-8888-exec-4] DEBUG o.s.c.c.s.s.GitCredentialsProviderFactory - Constructing UsernamePasswordCredentialsProvider for URI file://home/sagar/codingworks/javaspring/microservice-demo/config-server-repository
2025-04-09 14:26:23 [http-nio-8888-exec-4] INFO  o.s.c.c.s.e.NativeEnvironmentRepository - Adding property source: Config resource 'file [/home/sagar/codingworks/javaspring/microservice-demo/config-server-repository/config-client-kafka_to_elastic.yml]' via location 'file:/home/sagar/codingworks/javaspring/microservice-demo/config-server-repository/'
2025-04-09 14:26:23 [http-nio-8888-exec-4] INFO  o.s.c.c.s.e.NativeEnvironmentRepository - Adding property source: Config resource 'file [/home/sagar/codingworks/javaspring/microservice-demo/config-server-repository/config-client.yml]' via location 'file:/home/sagar/codingworks/javaspring/microservice-demo/config-server-repository/'
2025-04-09 14:28:56 [http-nio-8888-exec-6] DEBUG o.s.c.c.s.s.GitCredentialsProviderFactory - Constructing UsernamePasswordCredentialsProvider for URI file://home/sagar/codingworks/javaspring/microservice-demo/config-server-repository
2025-04-09 14:29:01 [http-nio-8888-exec-6] INFO  o.s.c.c.s.e.NativeEnvironmentRepository - Adding property source: Config resource 'file [/home/sagar/codingworks/javaspring/microservice-demo/config-server-repository/config-client.yml]' via location 'file:/home/sagar/codingworks/javaspring/microservice-demo/config-server-repository/'
2025-04-09 14:29:01 [http-nio-8888-exec-7] DEBUG o.s.c.c.s.s.GitCredentialsProviderFactory - Constructing UsernamePasswordCredentialsProvider for URI file://home/sagar/codingworks/javaspring/microservice-demo/config-server-repository
2025-04-09 14:29:04 [http-nio-8888-exec-7] INFO  o.s.c.c.s.e.NativeEnvironmentRepository - Adding property source: Config resource 'file [/home/sagar/codingworks/javaspring/microservice-demo/config-server-repository/config-client-kafka_to_elastic.yml]' via location 'file:/home/sagar/codingworks/javaspring/microservice-demo/config-server-repository/'
2025-04-09 14:29:04 [http-nio-8888-exec-7] INFO  o.s.c.c.s.e.NativeEnvironmentRepository - Adding property source: Config resource 'file [/home/sagar/codingworks/javaspring/microservice-demo/config-server-repository/config-client.yml]' via location 'file:/home/sagar/codingworks/javaspring/microservice-demo/config-server-repository/'
2025-04-09 14:30:57 [http-nio-8888-exec-9] DEBUG o.s.c.c.s.s.GitCredentialsProviderFactory - Constructing UsernamePasswordCredentialsProvider for URI file://home/sagar/codingworks/javaspring/microservice-demo/config-server-repository
2025-04-09 14:31:00 [http-nio-8888-exec-9] INFO  o.s.c.c.s.e.NativeEnvironmentRepository - Adding property source: Config resource 'file [/home/sagar/codingworks/javaspring/microservice-demo/config-server-repository/config-client.yml]' via location 'file:/home/sagar/codingworks/javaspring/microservice-demo/config-server-repository/'
2025-04-09 14:31:00 [http-nio-8888-exec-10] DEBUG o.s.c.c.s.s.GitCredentialsProviderFactory - Constructing UsernamePasswordCredentialsProvider for URI file://home/sagar/codingworks/javaspring/microservice-demo/config-server-repository
2025-04-09 14:31:04 [http-nio-8888-exec-10] INFO  o.s.c.c.s.e.NativeEnvironmentRepository - Adding property source: Config resource 'file [/home/sagar/codingworks/javaspring/microservice-demo/config-server-repository/config-client-kafka_to_elastic.yml]' via location 'file:/home/sagar/codingworks/javaspring/microservice-demo/config-server-repository/'
2025-04-09 14:31:04 [http-nio-8888-exec-10] INFO  o.s.c.c.s.e.NativeEnvironmentRepository - Adding property source: Config resource 'file [/home/sagar/codingworks/javaspring/microservice-demo/config-server-repository/config-client.yml]' via location 'file:/home/sagar/codingworks/javaspring/microservice-demo/config-server-repository/'
2025-04-09 14:31:52 [http-nio-8888-exec-2] DEBUG o.s.c.c.s.s.GitCredentialsProviderFactory - Constructing UsernamePasswordCredentialsProvider for URI file://home/sagar/codingworks/javaspring/microservice-demo/config-server-repository
2025-04-09 14:31:56 [http-nio-8888-exec-2] INFO  o.s.c.c.s.e.NativeEnvironmentRepository - Adding property source: Config resource 'file [/home/sagar/codingworks/javaspring/microservice-demo/config-server-repository/config-client.yml]' via location 'file:/home/sagar/codingworks/javaspring/microservice-demo/config-server-repository/'
2025-04-09 14:31:56 [http-nio-8888-exec-3] DEBUG o.s.c.c.s.s.GitCredentialsProviderFactory - Constructing UsernamePasswordCredentialsProvider for URI file://home/sagar/codingworks/javaspring/microservice-demo/config-server-repository
2025-04-09 14:31:59 [http-nio-8888-exec-3] INFO  o.s.c.c.s.e.NativeEnvironmentRepository - Adding property source: Config resource 'file [/home/sagar/codingworks/javaspring/microservice-demo/config-server-repository/config-client-kafka_to_elastic.yml]' via location 'file:/home/sagar/codingworks/javaspring/microservice-demo/config-server-repository/'
2025-04-09 14:31:59 [http-nio-8888-exec-3] INFO  o.s.c.c.s.e.NativeEnvironmentRepository - Adding property source: Config resource 'file [/home/sagar/codingworks/javaspring/microservice-demo/config-server-repository/config-client.yml]' via location 'file:/home/sagar/codingworks/javaspring/microservice-demo/config-server-repository/'
2025-04-09 14:33:51 [http-nio-8888-exec-5] DEBUG o.s.c.c.s.s.GitCredentialsProviderFactory - Constructing UsernamePasswordCredentialsProvider for URI file://home/sagar/codingworks/javaspring/microservice-demo/config-server-repository
2025-04-09 14:33:54 [http-nio-8888-exec-5] INFO  o.s.c.c.s.e.NativeEnvironmentRepository - Adding property source: Config resource 'file [/home/sagar/codingworks/javaspring/microservice-demo/config-server-repository/config-client.yml]' via location 'file:/home/sagar/codingworks/javaspring/microservice-demo/config-server-repository/'
2025-04-09 14:33:55 [http-nio-8888-exec-6] DEBUG o.s.c.c.s.s.GitCredentialsProviderFactory - Constructing UsernamePasswordCredentialsProvider for URI file://home/sagar/codingworks/javaspring/microservice-demo/config-server-repository
2025-04-09 14:33:57 [http-nio-8888-exec-6] INFO  o.s.c.c.s.e.NativeEnvironmentRepository - Adding property source: Config resource 'file [/home/sagar/codingworks/javaspring/microservice-demo/config-server-repository/config-client-kafka_to_elastic.yml]' via location 'file:/home/sagar/codingworks/javaspring/microservice-demo/config-server-repository/'
2025-04-09 14:33:57 [http-nio-8888-exec-6] INFO  o.s.c.c.s.e.NativeEnvironmentRepository - Adding property source: Config resource 'file [/home/sagar/codingworks/javaspring/microservice-demo/config-server-repository/config-client.yml]' via location 'file:/home/sagar/codingworks/javaspring/microservice-demo/config-server-repository/'
2025-04-09 16:53:38 [http-nio-8888-exec-8] DEBUG o.s.c.c.s.s.GitCredentialsProviderFactory - Constructing UsernamePasswordCredentialsProvider for URI file://home/sagar/codingworks/javaspring/microservice-demo/config-server-repository
2025-04-09 16:53:43 [http-nio-8888-exec-8] INFO  o.s.c.c.s.e.NativeEnvironmentRepository - Adding property source: Config resource 'file [/home/sagar/codingworks/javaspring/microservice-demo/config-server-repository/config-client.yml]' via location 'file:/home/sagar/codingworks/javaspring/microservice-demo/config-server-repository/'
2025-04-09 16:53:43 [http-nio-8888-exec-9] DEBUG o.s.c.c.s.s.GitCredentialsProviderFactory - Constructing UsernamePasswordCredentialsProvider for URI file://home/sagar/codingworks/javaspring/microservice-demo/config-server-repository
2025-04-09 16:53:47 [http-nio-8888-exec-9] INFO  o.s.c.c.s.e.NativeEnvironmentRepository - Adding property source: Config resource 'file [/home/sagar/codingworks/javaspring/microservice-demo/config-server-repository/config-client-kafka_to_elastic.yml]' via location 'file:/home/sagar/codingworks/javaspring/microservice-demo/config-server-repository/'
2025-04-09 16:53:47 [http-nio-8888-exec-9] INFO  o.s.c.c.s.e.NativeEnvironmentRepository - Adding property source: Config resource 'file [/home/sagar/codingworks/javaspring/microservice-demo/config-server-repository/config-client.yml]' via location 'file:/home/sagar/codingworks/javaspring/microservice-demo/config-server-repository/'
2025-04-09 16:58:49 [http-nio-8888-exec-1] DEBUG o.s.c.c.s.s.GitCredentialsProviderFactory - Constructing UsernamePasswordCredentialsProvider for URI file://home/sagar/codingworks/javaspring/microservice-demo/config-server-repository
2025-04-09 16:58:52 [http-nio-8888-exec-1] INFO  o.s.c.c.s.e.NativeEnvironmentRepository - Adding property source: Config resource 'file [/home/sagar/codingworks/javaspring/microservice-demo/config-server-repository/config-client.yml]' via location 'file:/home/sagar/codingworks/javaspring/microservice-demo/config-server-repository/'
2025-04-09 16:58:52 [http-nio-8888-exec-2] DEBUG o.s.c.c.s.s.GitCredentialsProviderFactory - Constructing UsernamePasswordCredentialsProvider for URI file://home/sagar/codingworks/javaspring/microservice-demo/config-server-repository
2025-04-09 16:58:54 [http-nio-8888-exec-2] INFO  o.s.c.c.s.e.NativeEnvironmentRepository - Adding property source: Config resource 'file [/home/sagar/codingworks/javaspring/microservice-demo/config-server-repository/config-client-kafka_to_elastic.yml]' via location 'file:/home/sagar/codingworks/javaspring/microservice-demo/config-server-repository/'
2025-04-09 16:58:54 [http-nio-8888-exec-2] INFO  o.s.c.c.s.e.NativeEnvironmentRepository - Adding property source: Config resource 'file [/home/sagar/codingworks/javaspring/microservice-demo/config-server-repository/config-client.yml]' via location 'file:/home/sagar/codingworks/javaspring/microservice-demo/config-server-repository/'
2025-04-09 17:07:03 [http-nio-8888-exec-4] DEBUG o.s.c.c.s.s.GitCredentialsProviderFactory - Constructing UsernamePasswordCredentialsProvider for URI file://home/sagar/codingworks/javaspring/microservice-demo/config-server-repository
2025-04-09 17:07:07 [http-nio-8888-exec-4] INFO  o.s.c.c.s.e.NativeEnvironmentRepository - Adding property source: Config resource 'file [/home/sagar/codingworks/javaspring/microservice-demo/config-server-repository/config-client.yml]' via location 'file:/home/sagar/codingworks/javaspring/microservice-demo/config-server-repository/'
2025-04-09 17:07:07 [http-nio-8888-exec-5] DEBUG o.s.c.c.s.s.GitCredentialsProviderFactory - Constructing UsernamePasswordCredentialsProvider for URI file://home/sagar/codingworks/javaspring/microservice-demo/config-server-repository
2025-04-09 17:07:10 [http-nio-8888-exec-5] INFO  o.s.c.c.s.e.NativeEnvironmentRepository - Adding property source: Config resource 'file [/home/sagar/codingworks/javaspring/microservice-demo/config-server-repository/config-client-kafka_to_elastic.yml]' via location 'file:/home/sagar/codingworks/javaspring/microservice-demo/config-server-repository/'
2025-04-09 17:07:10 [http-nio-8888-exec-5] INFO  o.s.c.c.s.e.NativeEnvironmentRepository - Adding property source: Config resource 'file [/home/sagar/codingworks/javaspring/microservice-demo/config-server-repository/config-client.yml]' via location 'file:/home/sagar/codingworks/javaspring/microservice-demo/config-server-repository/'
2025-04-09 17:10:31 [http-nio-8888-exec-7] DEBUG o.s.c.c.s.s.GitCredentialsProviderFactory - Constructing UsernamePasswordCredentialsProvider for URI file://home/sagar/codingworks/javaspring/microservice-demo/config-server-repository
2025-04-09 17:10:35 [http-nio-8888-exec-7] INFO  o.s.c.c.s.e.NativeEnvironmentRepository - Adding property source: Config resource 'file [/home/sagar/codingworks/javaspring/microservice-demo/config-server-repository/config-client.yml]' via location 'file:/home/sagar/codingworks/javaspring/microservice-demo/config-server-repository/'
2025-04-09 17:10:35 [http-nio-8888-exec-8] DEBUG o.s.c.c.s.s.GitCredentialsProviderFactory - Constructing UsernamePasswordCredentialsProvider for URI file://home/sagar/codingworks/javaspring/microservice-demo/config-server-repository
2025-04-09 17:10:38 [http-nio-8888-exec-8] INFO  o.s.c.c.s.e.NativeEnvironmentRepository - Adding property source: Config resource 'file [/home/sagar/codingworks/javaspring/microservice-demo/config-server-repository/config-client-kafka_to_elastic.yml]' via location 'file:/home/sagar/codingworks/javaspring/microservice-demo/config-server-repository/'
2025-04-09 17:10:38 [http-nio-8888-exec-8] INFO  o.s.c.c.s.e.NativeEnvironmentRepository - Adding property source: Config resource 'file [/home/sagar/codingworks/javaspring/microservice-demo/config-server-repository/config-client.yml]' via location 'file:/home/sagar/codingworks/javaspring/microservice-demo/config-server-repository/'
2025-04-09 17:12:35 [http-nio-8888-exec-10] DEBUG o.s.c.c.s.s.GitCredentialsProviderFactory - Constructing UsernamePasswordCredentialsProvider for URI file://home/sagar/codingworks/javaspring/microservice-demo/config-server-repository
2025-04-09 17:12:38 [http-nio-8888-exec-10] INFO  o.s.c.c.s.e.NativeEnvironmentRepository - Adding property source: Config resource 'file [/home/sagar/codingworks/javaspring/microservice-demo/config-server-repository/config-client.yml]' via location 'file:/home/sagar/codingworks/javaspring/microservice-demo/config-server-repository/'
2025-04-09 17:12:38 [http-nio-8888-exec-1] DEBUG o.s.c.c.s.s.GitCredentialsProviderFactory - Constructing UsernamePasswordCredentialsProvider for URI file://home/sagar/codingworks/javaspring/microservice-demo/config-server-repository
2025-04-09 17:12:41 [http-nio-8888-exec-1] INFO  o.s.c.c.s.e.NativeEnvironmentRepository - Adding property source: Config resource 'file [/home/sagar/codingworks/javaspring/microservice-demo/config-server-repository/config-client-kafka_to_elastic.yml]' via location 'file:/home/sagar/codingworks/javaspring/microservice-demo/config-server-repository/'
2025-04-09 17:12:41 [http-nio-8888-exec-1] INFO  o.s.c.c.s.e.NativeEnvironmentRepository - Adding property source: Config resource 'file [/home/sagar/codingworks/javaspring/microservice-demo/config-server-repository/config-client.yml]' via location 'file:/home/sagar/codingworks/javaspring/microservice-demo/config-server-repository/'
2025-04-09 17:24:55 [http-nio-8888-exec-3] DEBUG o.s.c.c.s.s.GitCredentialsProviderFactory - Constructing UsernamePasswordCredentialsProvider for URI file://home/sagar/codingworks/javaspring/microservice-demo/config-server-repository
2025-04-09 17:24:59 [http-nio-8888-exec-3] INFO  o.s.c.c.s.e.NativeEnvironmentRepository - Adding property source: Config resource 'file [/home/sagar/codingworks/javaspring/microservice-demo/config-server-repository/config-client.yml]' via location 'file:/home/sagar/codingworks/javaspring/microservice-demo/config-server-repository/'
2025-04-09 17:24:59 [http-nio-8888-exec-4] DEBUG o.s.c.c.s.s.GitCredentialsProviderFactory - Constructing UsernamePasswordCredentialsProvider for URI file://home/sagar/codingworks/javaspring/microservice-demo/config-server-repository
2025-04-09 17:25:01 [http-nio-8888-exec-4] INFO  o.s.c.c.s.e.NativeEnvironmentRepository - Adding property source: Config resource 'file [/home/sagar/codingworks/javaspring/microservice-demo/config-server-repository/config-client-kafka_to_elastic.yml]' via location 'file:/home/sagar/codingworks/javaspring/microservice-demo/config-server-repository/'
2025-04-09 17:25:01 [http-nio-8888-exec-4] INFO  o.s.c.c.s.e.NativeEnvironmentRepository - Adding property source: Config resource 'file [/home/sagar/codingworks/javaspring/microservice-demo/config-server-repository/config-client.yml]' via location 'file:/home/sagar/codingworks/javaspring/microservice-demo/config-server-repository/'
2025-04-09 17:27:46 [http-nio-8888-exec-6] INFO  o.s.c.c.s.e.MultipleJGitEnvironmentRepository - Cannot pull from remote git@github.com:sagarrajak/spring-config-microservice.git, the working tree is not clean.
2025-04-09 17:27:46 [http-nio-8888-exec-6] WARN  o.s.c.c.s.e.MultipleJGitEnvironmentRepository - The local repository is dirty or ahead of origin. Resetting it to origin/main.
2025-04-09 17:27:46 [http-nio-8888-exec-6] INFO  o.s.c.c.s.e.MultipleJGitEnvironmentRepository - Reset label main to version AnyObjectId[29276868d9ce8457681ed1ecbaddfe2d36b6e247]
2025-04-09 17:27:46 [http-nio-8888-exec-6] INFO  o.s.c.c.s.e.NativeEnvironmentRepository - Adding property source: Config resource 'file [/home/sagar/codingworks/javaspring/microservice-demo/config-server-repository/config-client.yml]' via location 'file:/home/sagar/codingworks/javaspring/microservice-demo/config-server-repository/'
2025-04-09 17:27:46 [http-nio-8888-exec-7] DEBUG o.s.c.c.s.s.GitCredentialsProviderFactory - Constructing UsernamePasswordCredentialsProvider for URI file://home/sagar/codingworks/javaspring/microservice-demo/config-server-repository
2025-04-09 17:27:51 [http-nio-8888-exec-7] INFO  o.s.c.c.s.e.NativeEnvironmentRepository - Adding property source: Config resource 'file [/home/sagar/codingworks/javaspring/microservice-demo/config-server-repository/config-client-kafka_to_elastic.yml]' via location 'file:/home/sagar/codingworks/javaspring/microservice-demo/config-server-repository/'
2025-04-09 17:27:51 [http-nio-8888-exec-7] INFO  o.s.c.c.s.e.NativeEnvironmentRepository - Adding property source: Config resource 'file [/home/sagar/codingworks/javaspring/microservice-demo/config-server-repository/config-client.yml]' via location 'file:/home/sagar/codingworks/javaspring/microservice-demo/config-server-repository/'
2025-04-09 17:28:29 [http-nio-8888-exec-9] DEBUG o.s.c.c.s.s.GitCredentialsProviderFactory - Constructing UsernamePasswordCredentialsProvider for URI file://home/sagar/codingworks/javaspring/microservice-demo/config-server-repository
2025-04-09 17:28:31 [http-nio-8888-exec-9] INFO  o.s.c.c.s.e.NativeEnvironmentRepository - Adding property source: Config resource 'file [/home/sagar/codingworks/javaspring/microservice-demo/config-server-repository/config-client.yml]' via location 'file:/home/sagar/codingworks/javaspring/microservice-demo/config-server-repository/'
2025-04-09 17:28:31 [http-nio-8888-exec-10] DEBUG o.s.c.c.s.s.GitCredentialsProviderFactory - Constructing UsernamePasswordCredentialsProvider for URI file://home/sagar/codingworks/javaspring/microservice-demo/config-server-repository
2025-04-09 17:28:35 [http-nio-8888-exec-10] INFO  o.s.c.c.s.e.NativeEnvironmentRepository - Adding property source: Config resource 'file [/home/sagar/codingworks/javaspring/microservice-demo/config-server-repository/config-client-kafka_to_elastic.yml]' via location 'file:/home/sagar/codingworks/javaspring/microservice-demo/config-server-repository/'
2025-04-09 17:28:35 [http-nio-8888-exec-10] INFO  o.s.c.c.s.e.NativeEnvironmentRepository - Adding property source: Config resource 'file [/home/sagar/codingworks/javaspring/microservice-demo/config-server-repository/config-client.yml]' via location 'file:/home/sagar/codingworks/javaspring/microservice-demo/config-server-repository/'
2025-04-09 17:31:56 [http-nio-8888-exec-2] DEBUG o.s.c.c.s.s.GitCredentialsProviderFactory - Constructing UsernamePasswordCredentialsProvider for URI file://home/sagar/codingworks/javaspring/microservice-demo/config-server-repository
2025-04-09 17:31:59 [http-nio-8888-exec-2] INFO  o.s.c.c.s.e.NativeEnvironmentRepository - Adding property source: Config resource 'file [/home/sagar/codingworks/javaspring/microservice-demo/config-server-repository/config-client.yml]' via location 'file:/home/sagar/codingworks/javaspring/microservice-demo/config-server-repository/'
2025-04-09 17:31:59 [http-nio-8888-exec-3] DEBUG o.s.c.c.s.s.GitCredentialsProviderFactory - Constructing UsernamePasswordCredentialsProvider for URI file://home/sagar/codingworks/javaspring/microservice-demo/config-server-repository
2025-04-09 17:32:02 [http-nio-8888-exec-3] INFO  o.s.c.c.s.e.NativeEnvironmentRepository - Adding property source: Config resource 'file [/home/sagar/codingworks/javaspring/microservice-demo/config-server-repository/config-client-kafka_to_elastic.yml]' via location 'file:/home/sagar/codingworks/javaspring/microservice-demo/config-server-repository/'
2025-04-09 17:32:02 [http-nio-8888-exec-3] INFO  o.s.c.c.s.e.NativeEnvironmentRepository - Adding property source: Config resource 'file [/home/sagar/codingworks/javaspring/microservice-demo/config-server-repository/config-client.yml]' via location 'file:/home/sagar/codingworks/javaspring/microservice-demo/config-server-repository/'
2025-04-09 17:32:51 [http-nio-8888-exec-5] DEBUG o.s.c.c.s.s.GitCredentialsProviderFactory - Constructing UsernamePasswordCredentialsProvider for URI file://home/sagar/codingworks/javaspring/microservice-demo/config-server-repository
2025-04-09 17:32:54 [http-nio-8888-exec-5] INFO  o.s.c.c.s.e.NativeEnvironmentRepository - Adding property source: Config resource 'file [/home/sagar/codingworks/javaspring/microservice-demo/config-server-repository/config-client.yml]' via location 'file:/home/sagar/codingworks/javaspring/microservice-demo/config-server-repository/'
2025-04-09 17:32:54 [http-nio-8888-exec-6] DEBUG o.s.c.c.s.s.GitCredentialsProviderFactory - Constructing UsernamePasswordCredentialsProvider for URI file://home/sagar/codingworks/javaspring/microservice-demo/config-server-repository
2025-04-09 17:32:58 [http-nio-8888-exec-6] INFO  o.s.c.c.s.e.NativeEnvironmentRepository - Adding property source: Config resource 'file [/home/sagar/codingworks/javaspring/microservice-demo/config-server-repository/config-client-kafka_to_elastic.yml]' via location 'file:/home/sagar/codingworks/javaspring/microservice-demo/config-server-repository/'
2025-04-09 17:32:58 [http-nio-8888-exec-6] INFO  o.s.c.c.s.e.NativeEnvironmentRepository - Adding property source: Config resource 'file [/home/sagar/codingworks/javaspring/microservice-demo/config-server-repository/config-client.yml]' via location 'file:/home/sagar/codingworks/javaspring/microservice-demo/config-server-repository/'
2025-04-09 17:35:00 [http-nio-8888-exec-8] DEBUG o.s.c.c.s.s.GitCredentialsProviderFactory - Constructing UsernamePasswordCredentialsProvider for URI file://home/sagar/codingworks/javaspring/microservice-demo/config-server-repository
2025-04-09 17:35:04 [http-nio-8888-exec-8] INFO  o.s.c.c.s.e.NativeEnvironmentRepository - Adding property source: Config resource 'file [/home/sagar/codingworks/javaspring/microservice-demo/config-server-repository/config-client.yml]' via location 'file:/home/sagar/codingworks/javaspring/microservice-demo/config-server-repository/'
2025-04-09 17:35:04 [http-nio-8888-exec-9] DEBUG o.s.c.c.s.s.GitCredentialsProviderFactory - Constructing UsernamePasswordCredentialsProvider for URI file://home/sagar/codingworks/javaspring/microservice-demo/config-server-repository
2025-04-09 17:35:06 [http-nio-8888-exec-9] INFO  o.s.c.c.s.e.NativeEnvironmentRepository - Adding property source: Config resource 'file [/home/sagar/codingworks/javaspring/microservice-demo/config-server-repository/config-client-kafka_to_elastic.yml]' via location 'file:/home/sagar/codingworks/javaspring/microservice-demo/config-server-repository/'
2025-04-09 17:35:06 [http-nio-8888-exec-9] INFO  o.s.c.c.s.e.NativeEnvironmentRepository - Adding property source: Config resource 'file [/home/sagar/codingworks/javaspring/microservice-demo/config-server-repository/config-client.yml]' via location 'file:/home/sagar/codingworks/javaspring/microservice-demo/config-server-repository/'
2025-04-09 17:42:38 [http-nio-8888-exec-1] DEBUG o.s.c.c.s.s.GitCredentialsProviderFactory - Constructing UsernamePasswordCredentialsProvider for URI file://home/sagar/codingworks/javaspring/microservice-demo/config-server-repository
2025-04-09 17:42:41 [http-nio-8888-exec-1] INFO  o.s.c.c.s.e.NativeEnvironmentRepository - Adding property source: Config resource 'file [/home/sagar/codingworks/javaspring/microservice-demo/config-server-repository/config-client.yml]' via location 'file:/home/sagar/codingworks/javaspring/microservice-demo/config-server-repository/'
2025-04-09 17:42:41 [http-nio-8888-exec-2] DEBUG o.s.c.c.s.s.GitCredentialsProviderFactory - Constructing UsernamePasswordCredentialsProvider for URI file://home/sagar/codingworks/javaspring/microservice-demo/config-server-repository
2025-04-09 17:42:44 [http-nio-8888-exec-2] INFO  o.s.c.c.s.e.NativeEnvironmentRepository - Adding property source: Config resource 'file [/home/sagar/codingworks/javaspring/microservice-demo/config-server-repository/config-client-kafka_to_elastic.yml]' via location 'file:/home/sagar/codingworks/javaspring/microservice-demo/config-server-repository/'
2025-04-09 17:42:44 [http-nio-8888-exec-2] INFO  o.s.c.c.s.e.NativeEnvironmentRepository - Adding property source: Config resource 'file [/home/sagar/codingworks/javaspring/microservice-demo/config-server-repository/config-client.yml]' via location 'file:/home/sagar/codingworks/javaspring/microservice-demo/config-server-repository/'
2025-04-09 17:46:30 [http-nio-8888-exec-4] DEBUG o.s.c.c.s.s.GitCredentialsProviderFactory - Constructing UsernamePasswordCredentialsProvider for URI file://home/sagar/codingworks/javaspring/microservice-demo/config-server-repository
2025-04-09 17:46:33 [http-nio-8888-exec-4] INFO  o.s.c.c.s.e.NativeEnvironmentRepository - Adding property source: Config resource 'file [/home/sagar/codingworks/javaspring/microservice-demo/config-server-repository/config-client.yml]' via location 'file:/home/sagar/codingworks/javaspring/microservice-demo/config-server-repository/'
2025-04-09 17:46:33 [http-nio-8888-exec-5] DEBUG o.s.c.c.s.s.GitCredentialsProviderFactory - Constructing UsernamePasswordCredentialsProvider for URI file://home/sagar/codingworks/javaspring/microservice-demo/config-server-repository
2025-04-09 17:46:36 [http-nio-8888-exec-5] INFO  o.s.c.c.s.e.NativeEnvironmentRepository - Adding property source: Config resource 'file [/home/sagar/codingworks/javaspring/microservice-demo/config-server-repository/config-client-kafka_to_elastic.yml]' via location 'file:/home/sagar/codingworks/javaspring/microservice-demo/config-server-repository/'
2025-04-09 17:46:36 [http-nio-8888-exec-5] INFO  o.s.c.c.s.e.NativeEnvironmentRepository - Adding property source: Config resource 'file [/home/sagar/codingworks/javaspring/microservice-demo/config-server-repository/config-client.yml]' via location 'file:/home/sagar/codingworks/javaspring/microservice-demo/config-server-repository/'
2025-04-09 17:47:29 [http-nio-8888-exec-7] DEBUG o.s.c.c.s.s.GitCredentialsProviderFactory - Constructing UsernamePasswordCredentialsProvider for URI file://home/sagar/codingworks/javaspring/microservice-demo/config-server-repository
2025-04-09 17:47:32 [http-nio-8888-exec-7] INFO  o.s.c.c.s.e.NativeEnvironmentRepository - Adding property source: Config resource 'file [/home/sagar/codingworks/javaspring/microservice-demo/config-server-repository/config-client.yml]' via location 'file:/home/sagar/codingworks/javaspring/microservice-demo/config-server-repository/'
2025-04-09 17:47:32 [http-nio-8888-exec-8] DEBUG o.s.c.c.s.s.GitCredentialsProviderFactory - Constructing UsernamePasswordCredentialsProvider for URI file://home/sagar/codingworks/javaspring/microservice-demo/config-server-repository
2025-04-09 17:47:34 [http-nio-8888-exec-8] INFO  o.s.c.c.s.e.NativeEnvironmentRepository - Adding property source: Config resource 'file [/home/sagar/codingworks/javaspring/microservice-demo/config-server-repository/config-client-kafka_to_elastic.yml]' via location 'file:/home/sagar/codingworks/javaspring/microservice-demo/config-server-repository/'
2025-04-09 17:47:34 [http-nio-8888-exec-8] INFO  o.s.c.c.s.e.NativeEnvironmentRepository - Adding property source: Config resource 'file [/home/sagar/codingworks/javaspring/microservice-demo/config-server-repository/config-client.yml]' via location 'file:/home/sagar/codingworks/javaspring/microservice-demo/config-server-repository/'
2025-04-09 17:51:21 [http-nio-8888-exec-10] DEBUG o.s.c.c.s.s.GitCredentialsProviderFactory - Constructing UsernamePasswordCredentialsProvider for URI file://home/sagar/codingworks/javaspring/microservice-demo/config-server-repository
2025-04-09 17:51:25 [http-nio-8888-exec-10] INFO  o.s.c.c.s.e.NativeEnvironmentRepository - Adding property source: Config resource 'file [/home/sagar/codingworks/javaspring/microservice-demo/config-server-repository/config-client.yml]' via location 'file:/home/sagar/codingworks/javaspring/microservice-demo/config-server-repository/'
2025-04-09 17:51:25 [http-nio-8888-exec-1] DEBUG o.s.c.c.s.s.GitCredentialsProviderFactory - Constructing UsernamePasswordCredentialsProvider for URI file://home/sagar/codingworks/javaspring/microservice-demo/config-server-repository
2025-04-09 17:51:28 [http-nio-8888-exec-1] INFO  o.s.c.c.s.e.NativeEnvironmentRepository - Adding property source: Config resource 'file [/home/sagar/codingworks/javaspring/microservice-demo/config-server-repository/config-client-kafka_to_elastic.yml]' via location 'file:/home/sagar/codingworks/javaspring/microservice-demo/config-server-repository/'
2025-04-09 17:51:28 [http-nio-8888-exec-1] INFO  o.s.c.c.s.e.NativeEnvironmentRepository - Adding property source: Config resource 'file [/home/sagar/codingworks/javaspring/microservice-demo/config-server-repository/config-client.yml]' via location 'file:/home/sagar/codingworks/javaspring/microservice-demo/config-server-repository/'
2025-04-09 17:53:52 [http-nio-8888-exec-3] DEBUG o.s.c.c.s.s.GitCredentialsProviderFactory - Constructing UsernamePasswordCredentialsProvider for URI file://home/sagar/codingworks/javaspring/microservice-demo/config-server-repository
2025-04-09 17:53:56 [http-nio-8888-exec-3] INFO  o.s.c.c.s.e.NativeEnvironmentRepository - Adding property source: Config resource 'file [/home/sagar/codingworks/javaspring/microservice-demo/config-server-repository/config-client.yml]' via location 'file:/home/sagar/codingworks/javaspring/microservice-demo/config-server-repository/'
2025-04-09 17:53:56 [http-nio-8888-exec-4] DEBUG o.s.c.c.s.s.GitCredentialsProviderFactory - Constructing UsernamePasswordCredentialsProvider for URI file://home/sagar/codingworks/javaspring/microservice-demo/config-server-repository
2025-04-09 17:54:00 [http-nio-8888-exec-4] INFO  o.s.c.c.s.e.NativeEnvironmentRepository - Adding property source: Config resource 'file [/home/sagar/codingworks/javaspring/microservice-demo/config-server-repository/config-client-kafka_to_elastic.yml]' via location 'file:/home/sagar/codingworks/javaspring/microservice-demo/config-server-repository/'
2025-04-09 17:54:00 [http-nio-8888-exec-4] INFO  o.s.c.c.s.e.NativeEnvironmentRepository - Adding property source: Config resource 'file [/home/sagar/codingworks/javaspring/microservice-demo/config-server-repository/config-client.yml]' via location 'file:/home/sagar/codingworks/javaspring/microservice-demo/config-server-repository/'
2025-04-09 18:09:53 [http-nio-8888-exec-6] DEBUG o.s.c.c.s.s.GitCredentialsProviderFactory - Constructing UsernamePasswordCredentialsProvider for URI file://home/sagar/codingworks/javaspring/microservice-demo/config-server-repository
2025-04-09 18:09:56 [http-nio-8888-exec-6] INFO  o.s.c.c.s.e.NativeEnvironmentRepository - Adding property source: Config resource 'file [/home/sagar/codingworks/javaspring/microservice-demo/config-server-repository/config-client.yml]' via location 'file:/home/sagar/codingworks/javaspring/microservice-demo/config-server-repository/'
2025-04-09 18:09:56 [http-nio-8888-exec-7] DEBUG o.s.c.c.s.s.GitCredentialsProviderFactory - Constructing UsernamePasswordCredentialsProvider for URI file://home/sagar/codingworks/javaspring/microservice-demo/config-server-repository
2025-04-09 18:09:59 [http-nio-8888-exec-7] INFO  o.s.c.c.s.e.NativeEnvironmentRepository - Adding property source: Config resource 'file [/home/sagar/codingworks/javaspring/microservice-demo/config-server-repository/config-client-twitter_to_kafka.yml]' via location 'file:/home/sagar/codingworks/javaspring/microservice-demo/config-server-repository/'
2025-04-09 18:09:59 [http-nio-8888-exec-7] INFO  o.s.c.c.s.e.NativeEnvironmentRepository - Adding property source: Config resource 'file [/home/sagar/codingworks/javaspring/microservice-demo/config-server-repository/config-client.yml]' via location 'file:/home/sagar/codingworks/javaspring/microservice-demo/config-server-repository/'
2025-04-09 18:10:22 [background-preinit] INFO  o.h.validator.internal.util.Version - HV000001: Hibernate Validator 8.0.1.Final
2025-04-09 18:10:22 [main] INFO  com.microservice.demo.ConfigServer - Starting ConfigServer using Java 23.0.1 with PID 918257 (/home/sagar/codingworks/javaspring/microservice-demo/config-server/target/classes started by sagar in /home/sagar/codingworks/javaspring/microservice-demo)
2025-04-09 18:10:22 [main] INFO  com.microservice.demo.ConfigServer - No active profile set, falling back to 1 default profile: "default"
2025-04-09 18:10:22 [main] INFO  o.s.cloud.context.scope.GenericScope - BeanFactory id=b856bc85-f7d0-36f9-ade0-0b364f07f776
2025-04-09 18:10:23 [main] INFO  o.s.b.w.e.tomcat.TomcatWebServer - Tomcat initialized with port 8888 (http)
2025-04-09 18:10:23 [main] INFO  o.a.coyote.http11.Http11NioProtocol - Initializing ProtocolHandler ["http-nio-8888"]
2025-04-09 18:10:23 [main] INFO  o.a.catalina.core.StandardService - Starting service [Tomcat]
2025-04-09 18:10:23 [main] INFO  o.a.catalina.core.StandardEngine - Starting Servlet engine: [Apache Tomcat/10.1.24]
2025-04-09 18:10:23 [main] INFO  o.a.c.c.C.[Tomcat].[localhost].[/] - Initializing Spring embedded WebApplicationContext
2025-04-09 18:10:23 [main] INFO  o.s.b.w.s.c.ServletWebServerApplicationContext - Root WebApplicationContext: initialization completed in 976 ms
2025-04-09 18:10:23 [main] INFO  o.a.coyote.http11.Http11NioProtocol - Starting ProtocolHandler ["http-nio-8888"]
2025-04-09 18:10:23 [main] INFO  o.s.b.w.e.tomcat.TomcatWebServer - Tomcat started on port 8888 (http) with context path '/'
2025-04-09 18:10:23 [main] INFO  com.microservice.demo.ConfigServer - Started ConfigServer in 2.103 seconds (process running for 2.872)
2025-04-09 18:10:33 [http-nio-8888-exec-1] INFO  o.a.c.c.C.[Tomcat].[localhost].[/] - Initializing Spring DispatcherServlet 'dispatcherServlet'
2025-04-09 18:10:33 [http-nio-8888-exec-1] INFO  o.s.web.servlet.DispatcherServlet - Initializing Servlet 'dispatcherServlet'
2025-04-09 18:10:33 [http-nio-8888-exec-1] INFO  o.s.web.servlet.DispatcherServlet - Completed initialization in 1 ms
2025-04-09 18:10:33 [http-nio-8888-exec-1] DEBUG o.s.c.c.s.s.GitCredentialsProviderFactory - Constructing UsernamePasswordCredentialsProvider for URI file://home/sagar/codingworks/javaspring/microservice-demo/config-server-repository
2025-04-09 18:10:33 [http-nio-8888-exec-1] INFO  o.a.s.c.u.s.e.EdDSASecurityProviderRegistrar - getOrCreateProvider(EdDSA) created instance of net.i2p.crypto.eddsa.EdDSASecurityProvider
2025-04-09 18:10:33 [http-nio-8888-exec-1] INFO  o.a.s.c.i.DefaultIoServiceFactoryFactory - No detected/configured IoServiceFactoryFactory; using Nio2ServiceFactoryFactory
2025-04-09 18:10:37 [http-nio-8888-exec-1] INFO  o.s.c.c.s.e.NativeEnvironmentRepository - Adding property source: Config resource 'file [/home/sagar/codingworks/javaspring/microservice-demo/config-server-repository/config-client.yml]' via location 'file:/home/sagar/codingworks/javaspring/microservice-demo/config-server-repository/'
2025-04-09 18:10:37 [http-nio-8888-exec-2] DEBUG o.s.c.c.s.s.GitCredentialsProviderFactory - Constructing UsernamePasswordCredentialsProvider for URI file://home/sagar/codingworks/javaspring/microservice-demo/config-server-repository
2025-04-09 18:10:40 [http-nio-8888-exec-2] INFO  o.s.c.c.s.e.NativeEnvironmentRepository - Adding property source: Config resource 'file [/home/sagar/codingworks/javaspring/microservice-demo/config-server-repository/config-client-twitter_to_kafka.yml]' via location 'file:/home/sagar/codingworks/javaspring/microservice-demo/config-server-repository/'
2025-04-09 18:10:40 [http-nio-8888-exec-2] INFO  o.s.c.c.s.e.NativeEnvironmentRepository - Adding property source: Config resource 'file [/home/sagar/codingworks/javaspring/microservice-demo/config-server-repository/config-client.yml]' via location 'file:/home/sagar/codingworks/javaspring/microservice-demo/config-server-repository/'
2025-04-09 18:14:01 [http-nio-8888-exec-4] DEBUG o.s.c.c.s.s.GitCredentialsProviderFactory - Constructing UsernamePasswordCredentialsProvider for URI file://home/sagar/codingworks/javaspring/microservice-demo/config-server-repository
2025-04-09 18:14:03 [http-nio-8888-exec-4] INFO  o.s.c.c.s.e.NativeEnvironmentRepository - Adding property source: Config resource 'file [/home/sagar/codingworks/javaspring/microservice-demo/config-server-repository/config-client.yml]' via location 'file:/home/sagar/codingworks/javaspring/microservice-demo/config-server-repository/'
2025-04-09 18:14:05 [http-nio-8888-exec-5] DEBUG o.s.c.c.s.s.GitCredentialsProviderFactory - Constructing UsernamePasswordCredentialsProvider for URI file://home/sagar/codingworks/javaspring/microservice-demo/config-server-repository
2025-04-09 18:14:09 [http-nio-8888-exec-5] INFO  o.s.c.c.s.e.NativeEnvironmentRepository - Adding property source: Config resource 'file [/home/sagar/codingworks/javaspring/microservice-demo/config-server-repository/config-client.yml]' via location 'file:/home/sagar/codingworks/javaspring/microservice-demo/config-server-repository/'
2025-04-09 18:14:09 [http-nio-8888-exec-6] DEBUG o.s.c.c.s.s.GitCredentialsProviderFactory - Constructing UsernamePasswordCredentialsProvider for URI file://home/sagar/codingworks/javaspring/microservice-demo/config-server-repository
2025-04-09 18:14:12 [http-nio-8888-exec-6] INFO  o.s.c.c.s.e.NativeEnvironmentRepository - Adding property source: Config resource 'file [/home/sagar/codingworks/javaspring/microservice-demo/config-server-repository/config-client-twitter_to_kafka.yml]' via location 'file:/home/sagar/codingworks/javaspring/microservice-demo/config-server-repository/'
2025-04-09 18:14:12 [http-nio-8888-exec-6] INFO  o.s.c.c.s.e.NativeEnvironmentRepository - Adding property source: Config resource 'file [/home/sagar/codingworks/javaspring/microservice-demo/config-server-repository/config-client.yml]' via location 'file:/home/sagar/codingworks/javaspring/microservice-demo/config-server-repository/'
2025-04-09 18:14:23 [http-nio-8888-exec-7] DEBUG o.s.c.c.s.s.GitCredentialsProviderFactory - Constructing UsernamePasswordCredentialsProvider for URI file://home/sagar/codingworks/javaspring/microservice-demo/config-server-repository
2025-04-09 18:14:27 [http-nio-8888-exec-7] INFO  o.s.c.c.s.e.NativeEnvironmentRepository - Adding property source: Config resource 'file [/home/sagar/codingworks/javaspring/microservice-demo/config-server-repository/config-client.yml]' via location 'file:/home/sagar/codingworks/javaspring/microservice-demo/config-server-repository/'
2025-04-09 18:14:27 [http-nio-8888-exec-8] DEBUG o.s.c.c.s.s.GitCredentialsProviderFactory - Constructing UsernamePasswordCredentialsProvider for URI file://home/sagar/codingworks/javaspring/microservice-demo/config-server-repository
2025-04-09 18:14:31 [http-nio-8888-exec-8] INFO  o.s.c.c.s.e.NativeEnvironmentRepository - Adding property source: Config resource 'file [/home/sagar/codingworks/javaspring/microservice-demo/config-server-repository/config-client-kafka_to_elastic.yml]' via location 'file:/home/sagar/codingworks/javaspring/microservice-demo/config-server-repository/'
2025-04-09 18:14:31 [http-nio-8888-exec-8] INFO  o.s.c.c.s.e.NativeEnvironmentRepository - Adding property source: Config resource 'file [/home/sagar/codingworks/javaspring/microservice-demo/config-server-repository/config-client.yml]' via location 'file:/home/sagar/codingworks/javaspring/microservice-demo/config-server-repository/'
