2025-04-08 19:25:05 [background-preinit] INFO  o.h.validator.internal.util.Version - HV000001: Hibernate Validator 8.0.1.Final
2025-04-08 19:25:05 [main] INFO  com.microservice.demo.ConfigServer - Starting ConfigServer using Java 23.0.1 with PID 61638 (/home/sagar/codingworks/javaspring/microservice-demo/config-server/target/classes started by sagar in /home/sagar/codingworks/javaspring/microservice-demo)
2025-04-08 19:25:05 [main] INFO  com.microservice.demo.ConfigServer - No active profile set, falling back to 1 default profile: "default"
2025-04-08 19:25:06 [main] INFO  o.s.cloud.context.scope.GenericScope - BeanFactory id=b856bc85-f7d0-36f9-ade0-0b364f07f776
2025-04-08 19:25:06 [main] INFO  o.s.b.w.e.tomcat.TomcatWebServer - Tomcat initialized with port 8888 (http)
2025-04-08 19:25:06 [main] INFO  o.a.coyote.http11.Http11NioProtocol - Initializing ProtocolHandler ["http-nio-8888"]
2025-04-08 19:25:06 [main] INFO  o.a.catalina.core.StandardService - Starting service [Tomcat]
2025-04-08 19:25:06 [main] INFO  o.a.catalina.core.StandardEngine - Starting Servlet engine: [Apache Tomcat/10.1.24]
2025-04-08 19:25:06 [main] INFO  o.a.c.c.C.[Tomcat].[localhost].[/] - Initializing Spring embedded WebApplicationContext
2025-04-08 19:25:06 [main] INFO  o.s.b.w.s.c.ServletWebServerApplicationContext - Root WebApplicationContext: initialization completed in 1306 ms
2025-04-08 19:25:07 [main] INFO  o.a.coyote.http11.Http11NioProtocol - Starting ProtocolHandler ["http-nio-8888"]
2025-04-08 19:25:07 [main] INFO  o.s.b.w.e.tomcat.TomcatWebServer - Tomcat started on port 8888 (http) with context path '/'
2025-04-08 19:25:07 [main] INFO  com.microservice.demo.ConfigServer - Started ConfigServer in 2.875 seconds (process running for 4.199)
2025-04-08 19:29:22 [http-nio-8888-exec-1] INFO  o.a.c.c.C.[Tomcat].[localhost].[/] - Initializing Spring DispatcherServlet 'dispatcherServlet'
2025-04-08 19:29:22 [http-nio-8888-exec-1] INFO  o.s.web.servlet.DispatcherServlet - Initializing Servlet 'dispatcherServlet'
2025-04-08 19:29:22 [http-nio-8888-exec-1] INFO  o.s.web.servlet.DispatcherServlet - Completed initialization in 1 ms
2025-04-08 19:29:22 [http-nio-8888-exec-1] INFO  o.s.c.c.s.e.MultipleJGitEnvironmentRepository - Cannot pull from remote git@github.com:sagarrajak/spring-config-microservice.git, the working tree is not clean.
2025-04-08 19:29:22 [http-nio-8888-exec-1] WARN  o.s.c.c.s.e.MultipleJGitEnvironmentRepository - The local repository is dirty or ahead of origin. Resetting it to origin/main.
2025-04-08 19:29:22 [http-nio-8888-exec-1] INFO  o.s.c.c.s.e.MultipleJGitEnvironmentRepository - Reset label main to version AnyObjectId[79a2114618e99ec05f5cfd3a2569c0a3d34363cb]
2025-04-08 19:29:22 [http-nio-8888-exec-1] INFO  o.s.c.c.s.e.NativeEnvironmentRepository - Adding property source: Config resource 'file [/home/sagar/codingworks/javaspring/microservice-demo/config-server-repository/config-client.yml]' via location 'file:/home/sagar/codingworks/javaspring/microservice-demo/config-server-repository/'
2025-04-08 19:29:23 [http-nio-8888-exec-2] DEBUG o.s.c.c.s.s.GitCredentialsProviderFactory - Constructing UsernamePasswordCredentialsProvider for URI file://home/sagar/codingworks/javaspring/microservice-demo/config-server-repository
2025-04-08 19:29:23 [http-nio-8888-exec-2] INFO  o.a.s.c.u.s.e.EdDSASecurityProviderRegistrar - getOrCreateProvider(EdDSA) created instance of net.i2p.crypto.eddsa.EdDSASecurityProvider
2025-04-08 19:29:23 [http-nio-8888-exec-2] INFO  o.a.s.c.i.DefaultIoServiceFactoryFactory - No detected/configured IoServiceFactoryFactory; using Nio2ServiceFactoryFactory
2025-04-08 19:29:26 [http-nio-8888-exec-2] INFO  o.s.c.c.s.e.NativeEnvironmentRepository - Adding property source: Config resource 'file [/home/sagar/codingworks/javaspring/microservice-demo/config-server-repository/config-client-twitter_to_kafka.yml]' via location 'file:/home/sagar/codingworks/javaspring/microservice-demo/config-server-repository/'
2025-04-08 19:29:26 [http-nio-8888-exec-2] INFO  o.s.c.c.s.e.NativeEnvironmentRepository - Adding property source: Config resource 'file [/home/sagar/codingworks/javaspring/microservice-demo/config-server-repository/config-client.yml]' via location 'file:/home/sagar/codingworks/javaspring/microservice-demo/config-server-repository/'
2025-04-08 19:30:11 [http-nio-8888-exec-4] DEBUG o.s.c.c.s.s.GitCredentialsProviderFactory - Constructing UsernamePasswordCredentialsProvider for URI file://home/sagar/codingworks/javaspring/microservice-demo/config-server-repository
2025-04-08 19:30:15 [http-nio-8888-exec-4] INFO  o.s.c.c.s.e.NativeEnvironmentRepository - Adding property source: Config resource 'file [/home/sagar/codingworks/javaspring/microservice-demo/config-server-repository/config-client.yml]' via location 'file:/home/sagar/codingworks/javaspring/microservice-demo/config-server-repository/'
2025-04-08 19:30:15 [http-nio-8888-exec-5] DEBUG o.s.c.c.s.s.GitCredentialsProviderFactory - Constructing UsernamePasswordCredentialsProvider for URI file://home/sagar/codingworks/javaspring/microservice-demo/config-server-repository
2025-04-08 19:30:19 [http-nio-8888-exec-5] INFO  o.s.c.c.s.e.NativeEnvironmentRepository - Adding property source: Config resource 'file [/home/sagar/codingworks/javaspring/microservice-demo/config-server-repository/config-client-twitter_to_kafka.yml]' via location 'file:/home/sagar/codingworks/javaspring/microservice-demo/config-server-repository/'
2025-04-08 19:30:19 [http-nio-8888-exec-5] INFO  o.s.c.c.s.e.NativeEnvironmentRepository - Adding property source: Config resource 'file [/home/sagar/codingworks/javaspring/microservice-demo/config-server-repository/config-client.yml]' via location 'file:/home/sagar/codingworks/javaspring/microservice-demo/config-server-repository/'
2025-04-08 19:30:37 [http-nio-8888-exec-6] DEBUG o.s.c.c.s.s.GitCredentialsProviderFactory - Constructing UsernamePasswordCredentialsProvider for URI file://home/sagar/codingworks/javaspring/microservice-demo/config-server-repository
2025-04-08 19:30:41 [http-nio-8888-exec-6] INFO  o.s.c.c.s.e.NativeEnvironmentRepository - Adding property source: Config resource 'file [/home/sagar/codingworks/javaspring/microservice-demo/config-server-repository/config-client.yml]' via location 'file:/home/sagar/codingworks/javaspring/microservice-demo/config-server-repository/'
2025-04-08 19:30:41 [http-nio-8888-exec-7] DEBUG o.s.c.c.s.s.GitCredentialsProviderFactory - Constructing UsernamePasswordCredentialsProvider for URI file://home/sagar/codingworks/javaspring/microservice-demo/config-server-repository
2025-04-08 19:30:44 [http-nio-8888-exec-7] INFO  o.s.c.c.s.e.NativeEnvironmentRepository - Adding property source: Config resource 'file [/home/sagar/codingworks/javaspring/microservice-demo/config-server-repository/config-client-kafka_to_elastic.yml]' via location 'file:/home/sagar/codingworks/javaspring/microservice-demo/config-server-repository/'
2025-04-08 19:30:44 [http-nio-8888-exec-7] INFO  o.s.c.c.s.e.NativeEnvironmentRepository - Adding property source: Config resource 'file [/home/sagar/codingworks/javaspring/microservice-demo/config-server-repository/config-client.yml]' via location 'file:/home/sagar/codingworks/javaspring/microservice-demo/config-server-repository/'
2025-04-08 19:33:35 [http-nio-8888-exec-10] DEBUG o.s.c.c.s.s.GitCredentialsProviderFactory - Constructing UsernamePasswordCredentialsProvider for URI file://home/sagar/codingworks/javaspring/microservice-demo/config-server-repository
2025-04-08 19:33:39 [http-nio-8888-exec-10] INFO  o.s.c.c.s.e.NativeEnvironmentRepository - Adding property source: Config resource 'file [/home/sagar/codingworks/javaspring/microservice-demo/config-server-repository/config-client.yml]' via location 'file:/home/sagar/codingworks/javaspring/microservice-demo/config-server-repository/'
2025-04-08 19:33:39 [http-nio-8888-exec-1] DEBUG o.s.c.c.s.s.GitCredentialsProviderFactory - Constructing UsernamePasswordCredentialsProvider for URI file://home/sagar/codingworks/javaspring/microservice-demo/config-server-repository
2025-04-08 19:33:42 [http-nio-8888-exec-1] INFO  o.s.c.c.s.e.NativeEnvironmentRepository - Adding property source: Config resource 'file [/home/sagar/codingworks/javaspring/microservice-demo/config-server-repository/config-client-kafka_to_elastic.yml]' via location 'file:/home/sagar/codingworks/javaspring/microservice-demo/config-server-repository/'
2025-04-08 19:33:42 [http-nio-8888-exec-1] INFO  o.s.c.c.s.e.NativeEnvironmentRepository - Adding property source: Config resource 'file [/home/sagar/codingworks/javaspring/microservice-demo/config-server-repository/config-client.yml]' via location 'file:/home/sagar/codingworks/javaspring/microservice-demo/config-server-repository/'
2025-04-08 19:34:24 [http-nio-8888-exec-3] DEBUG o.s.c.c.s.s.GitCredentialsProviderFactory - Constructing UsernamePasswordCredentialsProvider for URI file://home/sagar/codingworks/javaspring/microservice-demo/config-server-repository
2025-04-08 19:34:27 [http-nio-8888-exec-3] INFO  o.s.c.c.s.e.NativeEnvironmentRepository - Adding property source: Config resource 'file [/home/sagar/codingworks/javaspring/microservice-demo/config-server-repository/config-client.yml]' via location 'file:/home/sagar/codingworks/javaspring/microservice-demo/config-server-repository/'
2025-04-08 19:34:27 [http-nio-8888-exec-4] DEBUG o.s.c.c.s.s.GitCredentialsProviderFactory - Constructing UsernamePasswordCredentialsProvider for URI file://home/sagar/codingworks/javaspring/microservice-demo/config-server-repository
2025-04-08 19:34:31 [http-nio-8888-exec-4] INFO  o.s.c.c.s.e.NativeEnvironmentRepository - Adding property source: Config resource 'file [/home/sagar/codingworks/javaspring/microservice-demo/config-server-repository/config-client-kafka_to_elastic.yml]' via location 'file:/home/sagar/codingworks/javaspring/microservice-demo/config-server-repository/'
2025-04-08 19:34:31 [http-nio-8888-exec-4] INFO  o.s.c.c.s.e.NativeEnvironmentRepository - Adding property source: Config resource 'file [/home/sagar/codingworks/javaspring/microservice-demo/config-server-repository/config-client.yml]' via location 'file:/home/sagar/codingworks/javaspring/microservice-demo/config-server-repository/'
2025-04-08 19:36:06 [http-nio-8888-exec-6] DEBUG o.s.c.c.s.s.GitCredentialsProviderFactory - Constructing UsernamePasswordCredentialsProvider for URI file://home/sagar/codingworks/javaspring/microservice-demo/config-server-repository
2025-04-08 19:36:10 [http-nio-8888-exec-6] INFO  o.s.c.c.s.e.NativeEnvironmentRepository - Adding property source: Config resource 'file [/home/sagar/codingworks/javaspring/microservice-demo/config-server-repository/config-client.yml]' via location 'file:/home/sagar/codingworks/javaspring/microservice-demo/config-server-repository/'
2025-04-08 19:36:10 [http-nio-8888-exec-7] DEBUG o.s.c.c.s.s.GitCredentialsProviderFactory - Constructing UsernamePasswordCredentialsProvider for URI file://home/sagar/codingworks/javaspring/microservice-demo/config-server-repository
2025-04-08 19:36:13 [http-nio-8888-exec-7] INFO  o.s.c.c.s.e.NativeEnvironmentRepository - Adding property source: Config resource 'file [/home/sagar/codingworks/javaspring/microservice-demo/config-server-repository/config-client-kafka_to_elastic.yml]' via location 'file:/home/sagar/codingworks/javaspring/microservice-demo/config-server-repository/'
2025-04-08 19:36:13 [http-nio-8888-exec-7] INFO  o.s.c.c.s.e.NativeEnvironmentRepository - Adding property source: Config resource 'file [/home/sagar/codingworks/javaspring/microservice-demo/config-server-repository/config-client.yml]' via location 'file:/home/sagar/codingworks/javaspring/microservice-demo/config-server-repository/'
2025-04-08 19:38:01 [http-nio-8888-exec-9] DEBUG o.s.c.c.s.s.GitCredentialsProviderFactory - Constructing UsernamePasswordCredentialsProvider for URI file://home/sagar/codingworks/javaspring/microservice-demo/config-server-repository
2025-04-08 19:38:05 [http-nio-8888-exec-9] INFO  o.s.c.c.s.e.NativeEnvironmentRepository - Adding property source: Config resource 'file [/home/sagar/codingworks/javaspring/microservice-demo/config-server-repository/config-client.yml]' via location 'file:/home/sagar/codingworks/javaspring/microservice-demo/config-server-repository/'
2025-04-08 19:38:05 [http-nio-8888-exec-10] DEBUG o.s.c.c.s.s.GitCredentialsProviderFactory - Constructing UsernamePasswordCredentialsProvider for URI file://home/sagar/codingworks/javaspring/microservice-demo/config-server-repository
2025-04-08 19:38:08 [http-nio-8888-exec-10] INFO  o.s.c.c.s.e.NativeEnvironmentRepository - Adding property source: Config resource 'file [/home/sagar/codingworks/javaspring/microservice-demo/config-server-repository/config-client-kafka_to_elastic.yml]' via location 'file:/home/sagar/codingworks/javaspring/microservice-demo/config-server-repository/'
2025-04-08 19:38:08 [http-nio-8888-exec-10] INFO  o.s.c.c.s.e.NativeEnvironmentRepository - Adding property source: Config resource 'file [/home/sagar/codingworks/javaspring/microservice-demo/config-server-repository/config-client.yml]' via location 'file:/home/sagar/codingworks/javaspring/microservice-demo/config-server-repository/'
2025-04-08 19:47:07 [http-nio-8888-exec-2] DEBUG o.s.c.c.s.s.GitCredentialsProviderFactory - Constructing UsernamePasswordCredentialsProvider for URI file://home/sagar/codingworks/javaspring/microservice-demo/config-server-repository
2025-04-08 19:47:11 [http-nio-8888-exec-2] INFO  o.s.c.c.s.e.NativeEnvironmentRepository - Adding property source: Config resource 'file [/home/sagar/codingworks/javaspring/microservice-demo/config-server-repository/config-client.yml]' via location 'file:/home/sagar/codingworks/javaspring/microservice-demo/config-server-repository/'
2025-04-08 19:47:11 [http-nio-8888-exec-3] DEBUG o.s.c.c.s.s.GitCredentialsProviderFactory - Constructing UsernamePasswordCredentialsProvider for URI file://home/sagar/codingworks/javaspring/microservice-demo/config-server-repository
2025-04-08 19:47:13 [http-nio-8888-exec-3] INFO  o.s.c.c.s.e.NativeEnvironmentRepository - Adding property source: Config resource 'file [/home/sagar/codingworks/javaspring/microservice-demo/config-server-repository/config-client-kafka_to_elastic.yml]' via location 'file:/home/sagar/codingworks/javaspring/microservice-demo/config-server-repository/'
2025-04-08 19:47:13 [http-nio-8888-exec-3] INFO  o.s.c.c.s.e.NativeEnvironmentRepository - Adding property source: Config resource 'file [/home/sagar/codingworks/javaspring/microservice-demo/config-server-repository/config-client.yml]' via location 'file:/home/sagar/codingworks/javaspring/microservice-demo/config-server-repository/'
2025-04-08 19:55:09 [http-nio-8888-exec-5] DEBUG o.s.c.c.s.s.GitCredentialsProviderFactory - Constructing UsernamePasswordCredentialsProvider for URI file://home/sagar/codingworks/javaspring/microservice-demo/config-server-repository
2025-04-08 19:55:13 [http-nio-8888-exec-5] INFO  o.s.c.c.s.e.NativeEnvironmentRepository - Adding property source: Config resource 'file [/home/sagar/codingworks/javaspring/microservice-demo/config-server-repository/config-client.yml]' via location 'file:/home/sagar/codingworks/javaspring/microservice-demo/config-server-repository/'
2025-04-08 19:55:13 [http-nio-8888-exec-6] DEBUG o.s.c.c.s.s.GitCredentialsProviderFactory - Constructing UsernamePasswordCredentialsProvider for URI file://home/sagar/codingworks/javaspring/microservice-demo/config-server-repository
2025-04-08 19:55:17 [http-nio-8888-exec-6] INFO  o.s.c.c.s.e.NativeEnvironmentRepository - Adding property source: Config resource 'file [/home/sagar/codingworks/javaspring/microservice-demo/config-server-repository/config-client-kafka_to_elastic.yml]' via location 'file:/home/sagar/codingworks/javaspring/microservice-demo/config-server-repository/'
2025-04-08 19:55:17 [http-nio-8888-exec-6] INFO  o.s.c.c.s.e.NativeEnvironmentRepository - Adding property source: Config resource 'file [/home/sagar/codingworks/javaspring/microservice-demo/config-server-repository/config-client.yml]' via location 'file:/home/sagar/codingworks/javaspring/microservice-demo/config-server-repository/'
2025-04-08 19:56:29 [http-nio-8888-exec-8] DEBUG o.s.c.c.s.s.GitCredentialsProviderFactory - Constructing UsernamePasswordCredentialsProvider for URI file://home/sagar/codingworks/javaspring/microservice-demo/config-server-repository
2025-04-08 19:56:32 [http-nio-8888-exec-8] INFO  o.s.c.c.s.e.NativeEnvironmentRepository - Adding property source: Config resource 'file [/home/sagar/codingworks/javaspring/microservice-demo/config-server-repository/config-client.yml]' via location 'file:/home/sagar/codingworks/javaspring/microservice-demo/config-server-repository/'
2025-04-08 19:56:32 [http-nio-8888-exec-9] DEBUG o.s.c.c.s.s.GitCredentialsProviderFactory - Constructing UsernamePasswordCredentialsProvider for URI file://home/sagar/codingworks/javaspring/microservice-demo/config-server-repository
2025-04-08 19:56:35 [http-nio-8888-exec-9] INFO  o.s.c.c.s.e.NativeEnvironmentRepository - Adding property source: Config resource 'file [/home/sagar/codingworks/javaspring/microservice-demo/config-server-repository/config-client-kafka_to_elastic.yml]' via location 'file:/home/sagar/codingworks/javaspring/microservice-demo/config-server-repository/'
2025-04-08 19:56:35 [http-nio-8888-exec-9] INFO  o.s.c.c.s.e.NativeEnvironmentRepository - Adding property source: Config resource 'file [/home/sagar/codingworks/javaspring/microservice-demo/config-server-repository/config-client.yml]' via location 'file:/home/sagar/codingworks/javaspring/microservice-demo/config-server-repository/'
2025-04-08 19:57:11 [background-preinit] INFO  o.h.validator.internal.util.Version - HV000001: Hibernate Validator 8.0.1.Final
2025-04-08 19:57:11 [main] INFO  com.microservice.demo.ConfigServer - Starting ConfigServer using Java 23.0.1 with PID 128903 (/home/sagar/codingworks/javaspring/microservice-demo/config-server/target/classes started by sagar in /home/sagar/codingworks/javaspring/microservice-demo)
2025-04-08 19:57:11 [main] INFO  com.microservice.demo.ConfigServer - No active profile set, falling back to 1 default profile: "default"
2025-04-08 19:57:12 [main] INFO  o.s.cloud.context.scope.GenericScope - BeanFactory id=b856bc85-f7d0-36f9-ade0-0b364f07f776
2025-04-08 19:57:12 [main] INFO  o.s.b.w.e.tomcat.TomcatWebServer - Tomcat initialized with port 8888 (http)
2025-04-08 19:57:12 [main] INFO  o.a.coyote.http11.Http11NioProtocol - Initializing ProtocolHandler ["http-nio-8888"]
2025-04-08 19:57:12 [main] INFO  o.a.catalina.core.StandardService - Starting service [Tomcat]
2025-04-08 19:57:12 [main] INFO  o.a.catalina.core.StandardEngine - Starting Servlet engine: [Apache Tomcat/10.1.24]
2025-04-08 19:57:12 [main] INFO  o.a.c.c.C.[Tomcat].[localhost].[/] - Initializing Spring embedded WebApplicationContext
2025-04-08 19:57:12 [main] INFO  o.s.b.w.s.c.ServletWebServerApplicationContext - Root WebApplicationContext: initialization completed in 1023 ms
2025-04-08 19:57:13 [main] INFO  o.a.coyote.http11.Http11NioProtocol - Starting ProtocolHandler ["http-nio-8888"]
2025-04-08 19:57:13 [main] INFO  o.s.b.w.e.tomcat.TomcatWebServer - Tomcat started on port 8888 (http) with context path '/'
2025-04-08 19:57:13 [main] INFO  com.microservice.demo.ConfigServer - Started ConfigServer in 2.042 seconds (process running for 2.624)
2025-04-08 19:57:23 [http-nio-8888-exec-1] INFO  o.a.c.c.C.[Tomcat].[localhost].[/] - Initializing Spring DispatcherServlet 'dispatcherServlet'
2025-04-08 19:57:23 [http-nio-8888-exec-1] INFO  o.s.web.servlet.DispatcherServlet - Initializing Servlet 'dispatcherServlet'
2025-04-08 19:57:23 [http-nio-8888-exec-1] INFO  o.s.web.servlet.DispatcherServlet - Completed initialization in 1 ms
2025-04-08 19:57:23 [http-nio-8888-exec-1] DEBUG o.s.c.c.s.s.GitCredentialsProviderFactory - Constructing UsernamePasswordCredentialsProvider for URI file://home/sagar/codingworks/javaspring/microservice-demo/config-server-repository
2025-04-08 19:57:23 [http-nio-8888-exec-1] INFO  o.a.s.c.u.s.e.EdDSASecurityProviderRegistrar - getOrCreateProvider(EdDSA) created instance of net.i2p.crypto.eddsa.EdDSASecurityProvider
2025-04-08 19:57:23 [http-nio-8888-exec-1] INFO  o.a.s.c.i.DefaultIoServiceFactoryFactory - No detected/configured IoServiceFactoryFactory; using Nio2ServiceFactoryFactory
2025-04-08 19:57:27 [http-nio-8888-exec-1] INFO  o.s.c.c.s.e.NativeEnvironmentRepository - Adding property source: Config resource 'file [/home/sagar/codingworks/javaspring/microservice-demo/config-server-repository/config-client.yml]' via location 'file:/home/sagar/codingworks/javaspring/microservice-demo/config-server-repository/'
2025-04-08 19:57:27 [http-nio-8888-exec-2] DEBUG o.s.c.c.s.s.GitCredentialsProviderFactory - Constructing UsernamePasswordCredentialsProvider for URI file://home/sagar/codingworks/javaspring/microservice-demo/config-server-repository
2025-04-08 19:57:30 [http-nio-8888-exec-2] INFO  o.s.c.c.s.e.NativeEnvironmentRepository - Adding property source: Config resource 'file [/home/sagar/codingworks/javaspring/microservice-demo/config-server-repository/config-client-kafka_to_elastic.yml]' via location 'file:/home/sagar/codingworks/javaspring/microservice-demo/config-server-repository/'
2025-04-08 19:57:30 [http-nio-8888-exec-2] INFO  o.s.c.c.s.e.NativeEnvironmentRepository - Adding property source: Config resource 'file [/home/sagar/codingworks/javaspring/microservice-demo/config-server-repository/config-client.yml]' via location 'file:/home/sagar/codingworks/javaspring/microservice-demo/config-server-repository/'
2025-04-08 20:04:51 [http-nio-8888-exec-4] DEBUG o.s.c.c.s.s.GitCredentialsProviderFactory - Constructing UsernamePasswordCredentialsProvider for URI file://home/sagar/codingworks/javaspring/microservice-demo/config-server-repository
2025-04-08 20:04:54 [http-nio-8888-exec-4] INFO  o.s.c.c.s.e.NativeEnvironmentRepository - Adding property source: Config resource 'file [/home/sagar/codingworks/javaspring/microservice-demo/config-server-repository/config-client.yml]' via location 'file:/home/sagar/codingworks/javaspring/microservice-demo/config-server-repository/'
2025-04-08 20:04:54 [http-nio-8888-exec-5] DEBUG o.s.c.c.s.s.GitCredentialsProviderFactory - Constructing UsernamePasswordCredentialsProvider for URI file://home/sagar/codingworks/javaspring/microservice-demo/config-server-repository
2025-04-08 20:04:57 [http-nio-8888-exec-5] INFO  o.s.c.c.s.e.NativeEnvironmentRepository - Adding property source: Config resource 'file [/home/sagar/codingworks/javaspring/microservice-demo/config-server-repository/config-client-kafka_to_elastic.yml]' via location 'file:/home/sagar/codingworks/javaspring/microservice-demo/config-server-repository/'
2025-04-08 20:04:57 [http-nio-8888-exec-5] INFO  o.s.c.c.s.e.NativeEnvironmentRepository - Adding property source: Config resource 'file [/home/sagar/codingworks/javaspring/microservice-demo/config-server-repository/config-client.yml]' via location 'file:/home/sagar/codingworks/javaspring/microservice-demo/config-server-repository/'
2025-04-08 20:15:56 [http-nio-8888-exec-8] DEBUG o.s.c.c.s.s.GitCredentialsProviderFactory - Constructing UsernamePasswordCredentialsProvider for URI file://home/sagar/codingworks/javaspring/microservice-demo/config-server-repository
2025-04-08 20:16:00 [http-nio-8888-exec-8] INFO  o.s.c.c.s.e.NativeEnvironmentRepository - Adding property source: Config resource 'file [/home/sagar/codingworks/javaspring/microservice-demo/config-server-repository/config-client.yml]' via location 'file:/home/sagar/codingworks/javaspring/microservice-demo/config-server-repository/'
2025-04-08 20:16:00 [http-nio-8888-exec-7] DEBUG o.s.c.c.s.s.GitCredentialsProviderFactory - Constructing UsernamePasswordCredentialsProvider for URI file://home/sagar/codingworks/javaspring/microservice-demo/config-server-repository
2025-04-08 20:16:03 [http-nio-8888-exec-7] INFO  o.s.c.c.s.e.NativeEnvironmentRepository - Adding property source: Config resource 'file [/home/sagar/codingworks/javaspring/microservice-demo/config-server-repository/config-client-twitter_to_kafka.yml]' via location 'file:/home/sagar/codingworks/javaspring/microservice-demo/config-server-repository/'
2025-04-08 20:16:03 [http-nio-8888-exec-7] INFO  o.s.c.c.s.e.NativeEnvironmentRepository - Adding property source: Config resource 'file [/home/sagar/codingworks/javaspring/microservice-demo/config-server-repository/config-client.yml]' via location 'file:/home/sagar/codingworks/javaspring/microservice-demo/config-server-repository/'
2025-04-08 20:16:14 [http-nio-8888-exec-6] DEBUG o.s.c.c.s.s.GitCredentialsProviderFactory - Constructing UsernamePasswordCredentialsProvider for URI file://home/sagar/codingworks/javaspring/microservice-demo/config-server-repository
2025-04-08 20:16:16 [http-nio-8888-exec-6] INFO  o.s.c.c.s.e.NativeEnvironmentRepository - Adding property source: Config resource 'file [/home/sagar/codingworks/javaspring/microservice-demo/config-server-repository/config-client.yml]' via location 'file:/home/sagar/codingworks/javaspring/microservice-demo/config-server-repository/'
2025-04-08 20:16:17 [http-nio-8888-exec-9] DEBUG o.s.c.c.s.s.GitCredentialsProviderFactory - Constructing UsernamePasswordCredentialsProvider for URI file://home/sagar/codingworks/javaspring/microservice-demo/config-server-repository
2025-04-08 20:16:20 [http-nio-8888-exec-9] INFO  o.s.c.c.s.e.NativeEnvironmentRepository - Adding property source: Config resource 'file [/home/sagar/codingworks/javaspring/microservice-demo/config-server-repository/config-client-kafka_to_elastic.yml]' via location 'file:/home/sagar/codingworks/javaspring/microservice-demo/config-server-repository/'
2025-04-08 20:16:20 [http-nio-8888-exec-9] INFO  o.s.c.c.s.e.NativeEnvironmentRepository - Adding property source: Config resource 'file [/home/sagar/codingworks/javaspring/microservice-demo/config-server-repository/config-client.yml]' via location 'file:/home/sagar/codingworks/javaspring/microservice-demo/config-server-repository/'
2025-04-08 20:17:06 [http-nio-8888-exec-3] DEBUG o.s.c.c.s.s.GitCredentialsProviderFactory - Constructing UsernamePasswordCredentialsProvider for URI file://home/sagar/codingworks/javaspring/microservice-demo/config-server-repository
2025-04-08 20:17:10 [http-nio-8888-exec-3] INFO  o.s.c.c.s.e.NativeEnvironmentRepository - Adding property source: Config resource 'file [/home/sagar/codingworks/javaspring/microservice-demo/config-server-repository/config-client.yml]' via location 'file:/home/sagar/codingworks/javaspring/microservice-demo/config-server-repository/'
2025-04-08 20:17:10 [http-nio-8888-exec-4] DEBUG o.s.c.c.s.s.GitCredentialsProviderFactory - Constructing UsernamePasswordCredentialsProvider for URI file://home/sagar/codingworks/javaspring/microservice-demo/config-server-repository
2025-04-08 20:17:12 [http-nio-8888-exec-4] INFO  o.s.c.c.s.e.NativeEnvironmentRepository - Adding property source: Config resource 'file [/home/sagar/codingworks/javaspring/microservice-demo/config-server-repository/config-client-kafka_to_elastic.yml]' via location 'file:/home/sagar/codingworks/javaspring/microservice-demo/config-server-repository/'
2025-04-08 20:17:12 [http-nio-8888-exec-4] INFO  o.s.c.c.s.e.NativeEnvironmentRepository - Adding property source: Config resource 'file [/home/sagar/codingworks/javaspring/microservice-demo/config-server-repository/config-client.yml]' via location 'file:/home/sagar/codingworks/javaspring/microservice-demo/config-server-repository/'
2025-04-08 20:17:51 [http-nio-8888-exec-10] DEBUG o.s.c.c.s.s.GitCredentialsProviderFactory - Constructing UsernamePasswordCredentialsProvider for URI file://home/sagar/codingworks/javaspring/microservice-demo/config-server-repository
2025-04-08 20:17:53 [http-nio-8888-exec-10] INFO  o.s.c.c.s.e.NativeEnvironmentRepository - Adding property source: Config resource 'file [/home/sagar/codingworks/javaspring/microservice-demo/config-server-repository/config-client.yml]' via location 'file:/home/sagar/codingworks/javaspring/microservice-demo/config-server-repository/'
2025-04-08 20:17:53 [http-nio-8888-exec-8] DEBUG o.s.c.c.s.s.GitCredentialsProviderFactory - Constructing UsernamePasswordCredentialsProvider for URI file://home/sagar/codingworks/javaspring/microservice-demo/config-server-repository
2025-04-08 20:17:57 [http-nio-8888-exec-8] INFO  o.s.c.c.s.e.NativeEnvironmentRepository - Adding property source: Config resource 'file [/home/sagar/codingworks/javaspring/microservice-demo/config-server-repository/config-client-kafka_to_elastic.yml]' via location 'file:/home/sagar/codingworks/javaspring/microservice-demo/config-server-repository/'
2025-04-08 20:17:57 [http-nio-8888-exec-8] INFO  o.s.c.c.s.e.NativeEnvironmentRepository - Adding property source: Config resource 'file [/home/sagar/codingworks/javaspring/microservice-demo/config-server-repository/config-client.yml]' via location 'file:/home/sagar/codingworks/javaspring/microservice-demo/config-server-repository/'
2025-04-08 20:18:54 [http-nio-8888-exec-6] DEBUG o.s.c.c.s.s.GitCredentialsProviderFactory - Constructing UsernamePasswordCredentialsProvider for URI file://home/sagar/codingworks/javaspring/microservice-demo/config-server-repository
2025-04-08 20:18:58 [http-nio-8888-exec-6] INFO  o.s.c.c.s.e.NativeEnvironmentRepository - Adding property source: Config resource 'file [/home/sagar/codingworks/javaspring/microservice-demo/config-server-repository/config-client.yml]' via location 'file:/home/sagar/codingworks/javaspring/microservice-demo/config-server-repository/'
2025-04-08 20:18:58 [http-nio-8888-exec-9] DEBUG o.s.c.c.s.s.GitCredentialsProviderFactory - Constructing UsernamePasswordCredentialsProvider for URI file://home/sagar/codingworks/javaspring/microservice-demo/config-server-repository
2025-04-08 20:19:01 [http-nio-8888-exec-9] INFO  o.s.c.c.s.e.NativeEnvironmentRepository - Adding property source: Config resource 'file [/home/sagar/codingworks/javaspring/microservice-demo/config-server-repository/config-client-kafka_to_elastic.yml]' via location 'file:/home/sagar/codingworks/javaspring/microservice-demo/config-server-repository/'
2025-04-08 20:19:01 [http-nio-8888-exec-9] INFO  o.s.c.c.s.e.NativeEnvironmentRepository - Adding property source: Config resource 'file [/home/sagar/codingworks/javaspring/microservice-demo/config-server-repository/config-client.yml]' via location 'file:/home/sagar/codingworks/javaspring/microservice-demo/config-server-repository/'
2025-04-08 20:21:09 [http-nio-8888-exec-2] DEBUG o.s.c.c.s.s.GitCredentialsProviderFactory - Constructing UsernamePasswordCredentialsProvider for URI file://home/sagar/codingworks/javaspring/microservice-demo/config-server-repository
2025-04-08 20:21:13 [http-nio-8888-exec-2] INFO  o.s.c.c.s.e.NativeEnvironmentRepository - Adding property source: Config resource 'file [/home/sagar/codingworks/javaspring/microservice-demo/config-server-repository/config-client.yml]' via location 'file:/home/sagar/codingworks/javaspring/microservice-demo/config-server-repository/'
2025-04-08 20:21:13 [http-nio-8888-exec-3] DEBUG o.s.c.c.s.s.GitCredentialsProviderFactory - Constructing UsernamePasswordCredentialsProvider for URI file://home/sagar/codingworks/javaspring/microservice-demo/config-server-repository
2025-04-08 20:21:16 [http-nio-8888-exec-3] INFO  o.s.c.c.s.e.NativeEnvironmentRepository - Adding property source: Config resource 'file [/home/sagar/codingworks/javaspring/microservice-demo/config-server-repository/config-client-kafka_to_elastic.yml]' via location 'file:/home/sagar/codingworks/javaspring/microservice-demo/config-server-repository/'
2025-04-08 20:21:16 [http-nio-8888-exec-3] INFO  o.s.c.c.s.e.NativeEnvironmentRepository - Adding property source: Config resource 'file [/home/sagar/codingworks/javaspring/microservice-demo/config-server-repository/config-client.yml]' via location 'file:/home/sagar/codingworks/javaspring/microservice-demo/config-server-repository/'
2025-04-08 20:23:28 [background-preinit] INFO  o.h.validator.internal.util.Version - HV000001: Hibernate Validator 8.0.1.Final
2025-04-08 20:23:28 [main] INFO  com.microservice.demo.ConfigServer - Starting ConfigServer using Java 23.0.1 with PID 181157 (/home/sagar/codingworks/javaspring/microservice-demo/config-server/target/classes started by sagar in /home/sagar/codingworks/javaspring/microservice-demo)
2025-04-08 20:23:28 [main] INFO  com.microservice.demo.ConfigServer - No active profile set, falling back to 1 default profile: "default"
2025-04-08 20:23:29 [main] INFO  o.s.cloud.context.scope.GenericScope - BeanFactory id=b856bc85-f7d0-36f9-ade0-0b364f07f776
2025-04-08 20:23:29 [main] INFO  o.s.b.w.e.tomcat.TomcatWebServer - Tomcat initialized with port 8888 (http)
2025-04-08 20:23:29 [main] INFO  o.a.coyote.http11.Http11NioProtocol - Initializing ProtocolHandler ["http-nio-8888"]
2025-04-08 20:23:29 [main] INFO  o.a.catalina.core.StandardService - Starting service [Tomcat]
2025-04-08 20:23:29 [main] INFO  o.a.catalina.core.StandardEngine - Starting Servlet engine: [Apache Tomcat/10.1.24]
2025-04-08 20:23:29 [main] INFO  o.a.c.c.C.[Tomcat].[localhost].[/] - Initializing Spring embedded WebApplicationContext
2025-04-08 20:23:29 [main] INFO  o.s.b.w.s.c.ServletWebServerApplicationContext - Root WebApplicationContext: initialization completed in 963 ms
2025-04-08 20:23:30 [main] INFO  o.a.coyote.http11.Http11NioProtocol - Starting ProtocolHandler ["http-nio-8888"]
2025-04-08 20:23:30 [main] INFO  o.s.b.w.e.tomcat.TomcatWebServer - Tomcat started on port 8888 (http) with context path '/'
2025-04-08 20:23:30 [main] INFO  com.microservice.demo.ConfigServer - Started ConfigServer in 2.382 seconds (process running for 3.019)
2025-04-08 20:23:41 [http-nio-8888-exec-1] INFO  o.a.c.c.C.[Tomcat].[localhost].[/] - Initializing Spring DispatcherServlet 'dispatcherServlet'
2025-04-08 20:23:41 [http-nio-8888-exec-1] INFO  o.s.web.servlet.DispatcherServlet - Initializing Servlet 'dispatcherServlet'
2025-04-08 20:23:41 [http-nio-8888-exec-1] INFO  o.s.web.servlet.DispatcherServlet - Completed initialization in 1 ms
2025-04-08 20:23:41 [http-nio-8888-exec-1] DEBUG o.s.c.c.s.s.GitCredentialsProviderFactory - Constructing UsernamePasswordCredentialsProvider for URI file://home/sagar/codingworks/javaspring/microservice-demo/config-server-repository
2025-04-08 20:23:41 [http-nio-8888-exec-1] INFO  o.a.s.c.u.s.e.EdDSASecurityProviderRegistrar - getOrCreateProvider(EdDSA) created instance of net.i2p.crypto.eddsa.EdDSASecurityProvider
2025-04-08 20:23:41 [http-nio-8888-exec-1] INFO  o.a.s.c.i.DefaultIoServiceFactoryFactory - No detected/configured IoServiceFactoryFactory; using Nio2ServiceFactoryFactory
2025-04-08 20:23:45 [http-nio-8888-exec-1] INFO  o.s.c.c.s.e.NativeEnvironmentRepository - Adding property source: Config resource 'file [/home/sagar/codingworks/javaspring/microservice-demo/config-server-repository/config-client.yml]' via location 'file:/home/sagar/codingworks/javaspring/microservice-demo/config-server-repository/'
2025-04-08 20:23:45 [http-nio-8888-exec-2] DEBUG o.s.c.c.s.s.GitCredentialsProviderFactory - Constructing UsernamePasswordCredentialsProvider for URI file://home/sagar/codingworks/javaspring/microservice-demo/config-server-repository
2025-04-08 20:23:48 [http-nio-8888-exec-2] INFO  o.s.c.c.s.e.NativeEnvironmentRepository - Adding property source: Config resource 'file [/home/sagar/codingworks/javaspring/microservice-demo/config-server-repository/config-client-kafka_to_elastic.yml]' via location 'file:/home/sagar/codingworks/javaspring/microservice-demo/config-server-repository/'
2025-04-08 20:23:48 [http-nio-8888-exec-2] INFO  o.s.c.c.s.e.NativeEnvironmentRepository - Adding property source: Config resource 'file [/home/sagar/codingworks/javaspring/microservice-demo/config-server-repository/config-client.yml]' via location 'file:/home/sagar/codingworks/javaspring/microservice-demo/config-server-repository/'
2025-04-08 20:30:01 [http-nio-8888-exec-4] DEBUG o.s.c.c.s.s.GitCredentialsProviderFactory - Constructing UsernamePasswordCredentialsProvider for URI file://home/sagar/codingworks/javaspring/microservice-demo/config-server-repository
2025-04-08 20:30:04 [http-nio-8888-exec-4] INFO  o.s.c.c.s.e.NativeEnvironmentRepository - Adding property source: Config resource 'file [/home/sagar/codingworks/javaspring/microservice-demo/config-server-repository/config-client.yml]' via location 'file:/home/sagar/codingworks/javaspring/microservice-demo/config-server-repository/'
2025-04-08 20:30:04 [http-nio-8888-exec-5] DEBUG o.s.c.c.s.s.GitCredentialsProviderFactory - Constructing UsernamePasswordCredentialsProvider for URI file://home/sagar/codingworks/javaspring/microservice-demo/config-server-repository
2025-04-08 20:30:07 [http-nio-8888-exec-5] INFO  o.s.c.c.s.e.NativeEnvironmentRepository - Adding property source: Config resource 'file [/home/sagar/codingworks/javaspring/microservice-demo/config-server-repository/config-client-kafka_to_elastic.yml]' via location 'file:/home/sagar/codingworks/javaspring/microservice-demo/config-server-repository/'
2025-04-08 20:30:07 [http-nio-8888-exec-5] INFO  o.s.c.c.s.e.NativeEnvironmentRepository - Adding property source: Config resource 'file [/home/sagar/codingworks/javaspring/microservice-demo/config-server-repository/config-client.yml]' via location 'file:/home/sagar/codingworks/javaspring/microservice-demo/config-server-repository/'
