2024-06-03 12:38:35 [main] INFO  c.m.d.t.t.k.TwiiterToKafkaServiceApplication - Starting TwiiterToKafkaServiceApplication using Java 22.0.1 with PID 160107 (/home/sagar/codingworks/javaspring/microservice-demo/twitter-to-kafka-service/target/classes started by sagar in /home/sagar/codingworks/javaspring/microservice-demo)
2024-06-03 12:38:35 [main] INFO  c.m.d.t.t.k.TwiiterToKafkaServiceApplication - No active profile set, falling back to 1 default profile: "default"
2024-06-03 12:38:35 [main] INFO  c.m.d.t.t.k.TwiiterToKafkaServiceApplication - Started TwiiterToKafkaServiceApplication in 1.269 seconds (process running for 1.98)
2024-06-03 12:39:41 [main] INFO  c.m.d.t.t.k.TwiiterToKafkaServiceApplication - Starting TwiiterToKafkaServiceApplication using Java 22.0.1 with PID 160238 (/home/sagar/codingworks/javaspring/microservice-demo/twitter-to-kafka-service/target/classes started by sagar in /home/sagar/codingworks/javaspring/microservice-demo)
2024-06-03 12:39:41 [main] INFO  c.m.d.t.t.k.TwiiterToKafkaServiceApplication - No active profile set, falling back to 1 default profile: "default"
2024-06-03 12:39:42 [main] INFO  c.m.d.t.t.k.TwiiterToKafkaServiceApplication - Started TwiiterToKafkaServiceApplication in 1.335 seconds (process running for 2.127)
2024-06-03 12:39:42 [main] INFO  c.m.d.t.t.k.TwiiterToKafkaServiceApplication - [java, microservices, nextjs, react, reactjs, typescript, golang, go]
2024-06-03 13:45:03 [main] INFO  c.m.d.t.t.k.TwiiterToKafkaServiceApplication - Starting TwiiterToKafkaServiceApplication using Java 22.0.1 with PID 164354 (/home/sagar/codingworks/javaspring/microservice-demo/twitter-to-kafka-service/target/classes started by sagar in /home/sagar/codingworks/javaspring/microservice-demo)
2024-06-03 13:45:03 [main] INFO  c.m.d.t.t.k.TwiiterToKafkaServiceApplication - No active profile set, falling back to 1 default profile: "default"
2024-06-03 13:45:04 [main] WARN  o.s.c.a.AnnotationConfigApplicationContext - Exception encountered during context initialization - cancelling refresh attempt: org.springframework.beans.factory.UnsatisfiedDependencyException: Error creating bean with name 'twiiterToKafkaServiceApplication': Unsatisfied dependency expressed through constructor parameter 1: Error creating bean with name 'mockKafkaStreamRunner' defined in file [/home/sagar/codingworks/javaspring/microservice-demo/twitter-to-kafka-service/target/classes/com/microservice/demo/twitter/to/kafka/runner/impl/MockKafkaStreamRunner.class]: Unsatisfied dependency expressed through constructor parameter 1: No qualifying bean of type 'com.microservice.demo.twitter.to.kafka.listener.TwitterKafkaStatusListener' available: expected at least 1 bean which qualifies as autowire candidate. Dependency annotations: {}
2024-06-03 13:45:04 [main] INFO  o.s.b.a.l.ConditionEvaluationReportLogger - 

Error starting ApplicationContext. To display the condition evaluation report re-run your application with 'debug' enabled.
2024-06-03 13:45:04 [main] ERROR o.s.b.d.LoggingFailureAnalysisReporter - 

***************************
APPLICATION FAILED TO START
***************************

Description:

Parameter 1 of constructor in com.microservice.demo.twitter.to.kafka.runner.impl.MockKafkaStreamRunner required a bean of type 'com.microservice.demo.twitter.to.kafka.listener.TwitterKafkaStatusListener' that could not be found.


Action:

Consider defining a bean of type 'com.microservice.demo.twitter.to.kafka.listener.TwitterKafkaStatusListener' in your configuration.

2024-06-03 13:48:20 [main] INFO  c.m.d.t.t.k.TwiiterToKafkaServiceApplication - Starting TwiiterToKafkaServiceApplication using Java 22.0.1 with PID 164592 (/home/sagar/codingworks/javaspring/microservice-demo/twitter-to-kafka-service/target/classes started by sagar in /home/sagar/codingworks/javaspring/microservice-demo)
2024-06-03 13:48:20 [main] INFO  c.m.d.t.t.k.TwiiterToKafkaServiceApplication - No active profile set, falling back to 1 default profile: "default"
2024-06-03 13:48:21 [main] INFO  c.m.d.t.t.k.TwiiterToKafkaServiceApplication - Started TwiiterToKafkaServiceApplication in 1.289 seconds (process running for 1.966)
2024-06-03 13:48:21 [main] INFO  c.m.d.t.t.k.TwiiterToKafkaServiceApplication - [java, microservices, nextjs, react, reactjs, typescript, golang, go]
2024-06-03 13:48:21 [main] INFO  c.m.d.t.t.k.r.i.MockKafkaStreamRunner - Starting mock filtering twitter streams for keywords [java, microservices, nextjs, react, reactjs, typescript, golang, go]
2024-06-03 13:52:09 [main] INFO  c.m.d.t.t.k.TwiiterToKafkaServiceApplication - Starting TwiiterToKafkaServiceApplication using Java 22.0.1 with PID 165144 (/home/sagar/codingworks/javaspring/microservice-demo/twitter-to-kafka-service/target/classes started by sagar in /home/sagar/codingworks/javaspring/microservice-demo)
2024-06-03 13:52:09 [main] INFO  c.m.d.t.t.k.TwiiterToKafkaServiceApplication - No active profile set, falling back to 1 default profile: "default"
2024-06-03 13:52:10 [main] INFO  c.m.d.t.t.k.TwiiterToKafkaServiceApplication - Started TwiiterToKafkaServiceApplication in 1.147 seconds (process running for 1.761)
2024-06-03 13:52:10 [main] INFO  c.m.d.t.t.k.TwiiterToKafkaServiceApplication - [java, microservices, nextjs, react, reactjs, typescript, golang, go]
2024-06-03 13:52:10 [main] INFO  c.m.d.t.t.k.r.i.MockKafkaStreamRunner - Starting mock filtering twitter streams for keywords [java, microservices, nextjs, react, reactjs, typescript, golang, go]
2024-06-03 13:52:42 [main] INFO  c.m.d.t.t.k.TwiiterToKafkaServiceApplication - Starting TwiiterToKafkaServiceApplication using Java 22.0.1 with PID 165275 (/home/sagar/codingworks/javaspring/microservice-demo/twitter-to-kafka-service/target/classes started by sagar in /home/sagar/codingworks/javaspring/microservice-demo)
2024-06-03 13:52:42 [main] INFO  c.m.d.t.t.k.TwiiterToKafkaServiceApplication - No active profile set, falling back to 1 default profile: "default"
2024-06-03 13:52:43 [main] INFO  c.m.d.t.t.k.TwiiterToKafkaServiceApplication - Started TwiiterToKafkaServiceApplication in 1.308 seconds (process running for 1.974)
2024-06-03 13:52:43 [main] INFO  c.m.d.t.t.k.TwiiterToKafkaServiceApplication - [java, microservices, nextjs, react, reactjs, typescript, golang, go]
2024-06-03 13:52:43 [main] INFO  c.m.d.t.t.k.r.i.MockKafkaStreamRunner - Starting mock filtering twitter streams for keywords [java, microservices, nextjs, react, reactjs, typescript, golang, go]
2024-06-03 13:53:19 [main] INFO  c.m.d.t.t.k.TwiiterToKafkaServiceApplication - Starting TwiiterToKafkaServiceApplication using Java 22.0.1 with PID 165379 (/home/sagar/codingworks/javaspring/microservice-demo/twitter-to-kafka-service/target/classes started by sagar in /home/sagar/codingworks/javaspring/microservice-demo)
2024-06-03 13:53:19 [main] INFO  c.m.d.t.t.k.TwiiterToKafkaServiceApplication - No active profile set, falling back to 1 default profile: "default"
2024-06-03 13:53:20 [main] INFO  c.m.d.t.t.k.TwiiterToKafkaServiceApplication - Started TwiiterToKafkaServiceApplication in 1.165 seconds (process running for 1.819)
2024-06-03 13:53:20 [main] INFO  c.m.d.t.t.k.TwiiterToKafkaServiceApplication - [java, microservices, nextjs, react, reactjs, typescript, golang, go]
2024-06-03 13:53:20 [main] INFO  c.m.d.t.t.k.r.i.MockKafkaStreamRunner - Starting mock filtering twitter streams for keywords [java, microservices, nextjs, react, reactjs, typescript, golang, go]
2024-06-03 13:53:40 [main] INFO  c.m.d.t.t.k.TwiiterToKafkaServiceApplication - Starting TwiiterToKafkaServiceApplication using Java 22.0.1 with PID 165474 (/home/sagar/codingworks/javaspring/microservice-demo/twitter-to-kafka-service/target/classes started by sagar in /home/sagar/codingworks/javaspring/microservice-demo)
2024-06-03 13:53:40 [main] INFO  c.m.d.t.t.k.TwiiterToKafkaServiceApplication - No active profile set, falling back to 1 default profile: "default"
2024-06-03 13:53:41 [main] INFO  c.m.d.t.t.k.TwiiterToKafkaServiceApplication - Started TwiiterToKafkaServiceApplication in 1.17 seconds (process running for 1.765)
2024-06-03 13:53:41 [main] INFO  c.m.d.t.t.k.TwiiterToKafkaServiceApplication - [java, microservices, nextjs, react, reactjs, typescript, golang, go]
2024-06-03 13:53:41 [main] INFO  c.m.d.t.t.k.r.i.MockKafkaStreamRunner - Starting mock filtering twitter streams for keywords [java, microservices, nextjs, react, reactjs, typescript, golang, go]
2024-06-03 13:54:29 [main] INFO  c.m.d.t.t.k.TwiiterToKafkaServiceApplication - Starting TwiiterToKafkaServiceApplication using Java 22.0.1 with PID 165613 (/home/sagar/codingworks/javaspring/microservice-demo/twitter-to-kafka-service/target/classes started by sagar in /home/sagar/codingworks/javaspring/microservice-demo)
2024-06-03 13:54:29 [main] INFO  c.m.d.t.t.k.TwiiterToKafkaServiceApplication - No active profile set, falling back to 1 default profile: "default"
2024-06-03 13:54:29 [main] INFO  c.m.d.t.t.k.TwiiterToKafkaServiceApplication - Started TwiiterToKafkaServiceApplication in 1.167 seconds (process running for 1.742)
2024-06-03 13:54:29 [main] INFO  c.m.d.t.t.k.TwiiterToKafkaServiceApplication - [java, microservices, nextjs, react, reactjs, typescript, golang, go]
2024-06-03 13:54:29 [main] INFO  c.m.d.t.t.k.r.i.MockKafkaStreamRunner - Starting mock filtering twitter streams for keywords [java, microservices, nextjs, react, reactjs, typescript, golang, go]
2024-06-03 14:00:04 [main] INFO  c.m.d.t.t.k.TwiiterToKafkaServiceApplication - Starting TwiiterToKafkaServiceApplication using Java 22.0.1 with PID 166072 (/home/sagar/codingworks/javaspring/microservice-demo/twitter-to-kafka-service/target/classes started by sagar in /home/sagar/codingworks/javaspring/microservice-demo)
2024-06-03 14:00:04 [main] INFO  c.m.d.t.t.k.TwiiterToKafkaServiceApplication - No active profile set, falling back to 1 default profile: "default"
2024-06-03 14:00:05 [main] INFO  c.m.d.t.t.k.TwiiterToKafkaServiceApplication - Started TwiiterToKafkaServiceApplication in 1.154 seconds (process running for 1.762)
2024-06-03 14:00:05 [main] INFO  c.m.d.t.t.k.TwiiterToKafkaServiceApplication - [java, microservices, nextjs, react, reactjs, typescript, golang, go]
2024-06-03 14:00:05 [main] INFO  c.m.d.t.t.k.r.i.MockKafkaStreamRunner - Starting mock filtering twitter streams for keywords [java, microservices, nextjs, react, reactjs, typescript, golang, go]
2024-06-03 14:03:21 [main] INFO  c.m.d.t.t.k.TwiiterToKafkaServiceApplication - Starting TwiiterToKafkaServiceApplication using Java 22.0.1 with PID 166704 (/home/sagar/codingworks/javaspring/microservice-demo/twitter-to-kafka-service/target/classes started by sagar in /home/sagar/codingworks/javaspring/microservice-demo)
2024-06-03 14:03:21 [main] INFO  c.m.d.t.t.k.TwiiterToKafkaServiceApplication - No active profile set, falling back to 1 default profile: "default"
2024-06-03 14:03:22 [main] INFO  c.m.d.t.t.k.TwiiterToKafkaServiceApplication - Started TwiiterToKafkaServiceApplication in 1.205 seconds (process running for 1.842)
2024-06-03 14:03:22 [main] INFO  c.m.d.t.t.k.TwiiterToKafkaServiceApplication - [java, microservices, nextjs, react, reactjs, typescript, golang, go]
2024-06-03 14:03:22 [main] INFO  c.m.d.t.t.k.r.i.MockKafkaStreamRunner - Starting mock filtering twitter streams for keywords [java, microservices, nextjs, react, reactjs, typescript, golang, go]
2024-06-03 14:03:45 [main] INFO  c.m.d.t.t.k.TwiiterToKafkaServiceApplication - Starting TwiiterToKafkaServiceApplication using Java 22.0.1 with PID 166812 (/home/sagar/codingworks/javaspring/microservice-demo/twitter-to-kafka-service/target/classes started by sagar in /home/sagar/codingworks/javaspring/microservice-demo)
2024-06-03 14:03:45 [main] INFO  c.m.d.t.t.k.TwiiterToKafkaServiceApplication - No active profile set, falling back to 1 default profile: "default"
2024-06-03 14:03:45 [main] INFO  c.m.d.t.t.k.TwiiterToKafkaServiceApplication - Started TwiiterToKafkaServiceApplication in 1.157 seconds (process running for 1.743)
2024-06-03 14:03:45 [main] INFO  c.m.d.t.t.k.TwiiterToKafkaServiceApplication - [java, microservices, nextjs, react, reactjs, typescript, golang, go]
2024-06-03 14:03:45 [main] INFO  c.m.d.t.t.k.r.i.MockKafkaStreamRunner - Starting mock filtering twitter streams for keywords [java, microservices, nextjs, react, reactjs, typescript, golang, go]
2024-06-03 14:06:37 [main] INFO  c.m.d.t.t.k.TwiiterToKafkaServiceApplication - Starting TwiiterToKafkaServiceApplication using Java 22.0.1 with PID 167216 (/home/sagar/codingworks/javaspring/microservice-demo/twitter-to-kafka-service/target/classes started by sagar in /home/sagar/codingworks/javaspring/microservice-demo)
2024-06-03 14:06:37 [main] INFO  c.m.d.t.t.k.TwiiterToKafkaServiceApplication - No active profile set, falling back to 1 default profile: "default"
2024-06-03 14:06:38 [main] INFO  c.m.d.t.t.k.TwiiterToKafkaServiceApplication - Started TwiiterToKafkaServiceApplication in 1.164 seconds (process running for 1.772)
2024-06-03 14:06:38 [main] INFO  c.m.d.t.t.k.TwiiterToKafkaServiceApplication - [java, microservices, nextjs, react, reactjs, typescript, golang, go]
2024-06-03 14:06:38 [main] INFO  c.m.d.t.t.k.r.i.MockKafkaStreamRunner - Starting mock filtering twitter streams for keywords [java, microservices, nextjs, react, reactjs, typescript, golang, go]
2024-06-03 14:06:38 [pool-1-thread-1] INFO  c.m.d.t.t.k.l.TwitterKafkaStatusListener - Twitter status with text lectus pulvinar sed Fusce pulvinar Lorem java Maecenas libero amet porttitor
2024-06-03 14:06:48 [pool-1-thread-1] INFO  c.m.d.t.t.k.l.TwitterKafkaStatusListener - Twitter status with text massa posuere Maecenas massa dolor congue react ipsum ipsum libero sed
2024-06-03 14:06:58 [pool-1-thread-1] INFO  c.m.d.t.t.k.l.TwitterKafkaStatusListener - Twitter status with text consectetuer libero massa nextjs lectus ultricies
2024-06-03 14:07:08 [pool-1-thread-1] INFO  c.m.d.t.t.k.l.TwitterKafkaStatusListener - Twitter status with text sed posuere magna sed java Maecenas malesuada Maecenas
2024-06-03 14:07:18 [pool-1-thread-1] INFO  c.m.d.t.t.k.l.TwitterKafkaStatusListener - Twitter status with text porttitor Maecenas libero Fusce massa amet microservices congue elit malesuada malesuada
2024-06-03 15:43:30 [main] INFO  c.m.d.t.t.k.TwiiterToKafkaServiceApplication - Starting TwiiterToKafkaServiceApplication using Java 22.0.1 with PID 176590 (/home/sagar/codingworks/javaspring/microservice-demo/twitter-to-kafka-service/target/classes started by sagar in /home/sagar/codingworks/javaspring/microservice-demo)
2024-06-03 15:43:30 [main] INFO  c.m.d.t.t.k.TwiiterToKafkaServiceApplication - No active profile set, falling back to 1 default profile: "default"
2024-06-03 15:43:30 [main] WARN  o.s.c.a.AnnotationConfigApplicationContext - Exception encountered during context initialization - cancelling refresh attempt: org.springframework.beans.factory.UnsatisfiedDependencyException: Error creating bean with name 'twiiterToKafkaServiceApplication': Unsatisfied dependency expressed through constructor parameter 0: No qualifying bean of type 'com.microservice.demo.config.TwitterToKafkaConfigData' available: expected at least 1 bean which qualifies as autowire candidate. Dependency annotations: {}
2024-06-03 15:43:30 [main] INFO  o.s.b.a.l.ConditionEvaluationReportLogger - 

Error starting ApplicationContext. To display the condition evaluation report re-run your application with 'debug' enabled.
2024-06-03 15:43:30 [main] ERROR o.s.b.d.LoggingFailureAnalysisReporter - 

***************************
APPLICATION FAILED TO START
***************************

Description:

Parameter 0 of constructor in com.microservice.demo.twitter.to.kafka.TwiiterToKafkaServiceApplication required a bean of type 'com.microservice.demo.config.TwitterToKafkaConfigData' that could not be found.


Action:

Consider defining a bean of type 'com.microservice.demo.config.TwitterToKafkaConfigData' in your configuration.

2024-06-03 15:44:14 [main] INFO  c.m.d.t.t.k.TwiiterToKafkaServiceApplication - Starting TwiiterToKafkaServiceApplication using Java 22.0.1 with PID 176725 (/home/sagar/codingworks/javaspring/microservice-demo/twitter-to-kafka-service/target/classes started by sagar in /home/sagar/codingworks/javaspring/microservice-demo)
2024-06-03 15:44:14 [main] INFO  c.m.d.t.t.k.TwiiterToKafkaServiceApplication - No active profile set, falling back to 1 default profile: "default"
2024-06-03 15:44:15 [main] INFO  c.m.d.t.t.k.TwiiterToKafkaServiceApplication - Started TwiiterToKafkaServiceApplication in 1.194 seconds (process running for 1.86)
2024-06-03 15:44:15 [main] INFO  c.m.d.t.t.k.TwiiterToKafkaServiceApplication - [java, microservices, nextjs, react, reactjs, typescript, golang, go]
2024-06-03 15:44:15 [main] INFO  c.m.d.t.t.k.r.i.MockKafkaStreamRunner - Starting mock filtering twitter streams for keywords [java, microservices, nextjs, react, reactjs, typescript, golang, go]
2024-06-03 15:44:15 [pool-1-thread-1] INFO  c.m.d.t.t.k.l.TwitterKafkaStatusListener - Twitter status with text adipiscing lectus sed lectus libero react malesuada elit elit sit
2024-06-03 15:44:25 [pool-1-thread-1] INFO  c.m.d.t.t.k.l.TwitterKafkaStatusListener - Twitter status with text adipiscing purus dolor ultricies malesuada nextjs porttitor porttitor magna
2024-06-03 15:44:31 [main] INFO  c.m.d.t.t.k.TwiiterToKafkaServiceApplication - Starting TwiiterToKafkaServiceApplication using Java 22.0.1 with PID 176843 (/home/sagar/codingworks/javaspring/microservice-demo/twitter-to-kafka-service/target/classes started by sagar in /home/sagar/codingworks/javaspring/microservice-demo)
2024-06-03 15:44:31 [main] INFO  c.m.d.t.t.k.TwiiterToKafkaServiceApplication - No active profile set, falling back to 1 default profile: "default"
2024-06-03 19:35:59 [main] INFO  c.m.d.t.t.k.TwiiterToKafkaServiceApplication - Starting TwiiterToKafkaServiceApplication using Java 22.0.1 with PID 198918 (/home/sagar/codingworks/javaspring/microservice-demo/twitter-to-kafka-service/target/classes started by sagar in /home/sagar/codingworks/javaspring/microservice-demo)
2024-06-03 19:35:59 [main] INFO  c.m.d.t.t.k.TwiiterToKafkaServiceApplication - No active profile set, falling back to 1 default profile: "default"
2024-06-03 19:36:00 [main] INFO  c.m.d.t.t.k.TwiiterToKafkaServiceApplication - Started TwiiterToKafkaServiceApplication in 1.273 seconds (process running for 1.961)
2024-06-03 19:36:00 [main] INFO  c.m.d.t.t.k.TwiiterToKafkaServiceApplication - [java, microservices, nextjs, react, reactjs, typescript, golang, go]
2024-06-03 19:36:00 [main] INFO  c.m.d.t.t.k.r.i.MockKafkaStreamRunner - Starting mock filtering twitter streams for keywords [java, microservices, nextjs, react, reactjs, typescript, golang, go]
2024-06-03 19:36:00 [pool-1-thread-1] INFO  c.m.d.t.t.k.l.TwitterKafkaStatusListener - Twitter status with text Lorem sed sed pulvinar microservices purus elit ipsum
